99.12.12 13:58 A H:\ibaraki\Homepage_MSC\resources\latex_resources\latex\tools\varioref.sty <-- mechatro2 /home1/www/htdocs/resources/latex_resources/latex/tools varioref.sty
99.12.12 13:58 A H:\ibaraki\Homepage_MSC\resources\latex_resources\latex\tools\multicol.sty <-- mechatro2 /home1/www/htdocs/resources/latex_resources/latex/tools multicol.sty
99.12.12 13:58 A H:\ibaraki\Homepage_MSC\resources\latex_resources\latex\tools\layout.sty <-- mechatro2 /home1/www/htdocs/resources/latex_resources/latex/tools layout.sty
99.12.12 13:58 A H:\ibaraki\Homepage_MSC\resources\latex_resources\latex\tools\array.sty <-- mechatro2 /home1/www/htdocs/resources/latex_resources/latex/tools array.sty
99.12.12 13:58 A H:\ibaraki\Homepage_MSC\resources\latex_resources\latex\tools\longtable.sty <-- mechatro2 /home1/www/htdocs/resources/latex_resources/latex/tools longtable.sty
99.12.12 13:58 A H:\ibaraki\Homepage_MSC\resources\latex_resources\latex\tools\bm.sty <-- mechatro2 /home1/www/htdocs/resources/latex_resources/latex/tools bm.sty
99.12.12 13:58 A H:\ibaraki\Homepage_MSC\resources\latex_resources\latex\tools\showkeys.sty <-- mechatro2 /home1/www/htdocs/resources/latex_resources/latex/tools showkeys.sty
99.12.12 13:58 A H:\ibaraki\Homepage_MSC\resources\latex_resources\latex\tools\fontsmpl.sty <-- mechatro2 /home1/www/htdocs/resources/latex_resources/latex/tools fontsmpl.sty
99.12.12 13:58 A H:\ibaraki\Homepage_MSC\resources\latex_resources\latex\tools\verbatim.sty <-- mechatro2 /home1/www/htdocs/resources/latex_resources/latex/tools verbatim.sty
99.12.12 13:58 A H:\ibaraki\Homepage_MSC\resources\latex_resources\latex\tools\calc.sty <-- mechatro2 /home1/www/htdocs/resources/latex_resources/latex/tools calc.sty
99.12.12 13:58 A H:\ibaraki\Homepage_MSC\resources\latex_resources\latex\tools\ftnright.sty <-- mechatro2 /home1/www/htdocs/resources/latex_resources/latex/tools ftnright.sty
99.12.12 13:58 A H:\ibaraki\Homepage_MSC\resources\latex_resources\latex\tools\rawfonts.sty <-- mechatro2 /home1/www/htdocs/resources/latex_resources/latex/tools rawfonts.sty
99.12.12 13:58 A H:\ibaraki\Homepage_MSC\resources\latex_resources\latex\tools\tabularx.sty <-- mechatro2 /home1/www/htdocs/resources/latex_resources/latex/tools tabularx.sty
99.12.12 13:58 A H:\ibaraki\Homepage_MSC\resources\latex_resources\latex\tools\theorem.sty <-- mechatro2 /home1/www/htdocs/resources/latex_resources/latex/tools theorem.sty
99.12.12 13:58 A H:\ibaraki\Homepage_MSC\resources\latex_resources\latex\tools\verbtest.tex <-- mechatro2 /home1/www/htdocs/resources/latex_resources/latex/tools verbtest.tex
99.12.12 13:58 A H:\ibaraki\Homepage_MSC\resources\latex_resources\latex\tools\afterpage.sty <-- mechatro2 /home1/www/htdocs/resources/latex_resources/latex/tools afterpage.sty
99.12.12 13:58 A H:\ibaraki\Homepage_MSC\resources\latex_resources\latex\tools\hhline.sty <-- mechatro2 /home1/www/htdocs/resources/latex_resources/latex/tools hhline.sty
99.12.12 13:58 A H:\ibaraki\Homepage_MSC\resources\latex_resources\latex\tools\enumerate.sty <-- mechatro2 /home1/www/htdocs/resources/latex_resources/latex/tools enumerate.sty
99.12.12 13:58 A H:\ibaraki\Homepage_MSC\resources\latex_resources\latex\tools\fontsmpl.tex <-- mechatro2 /home1/www/htdocs/resources/latex_resources/latex/tools fontsmpl.tex
99.12.12 13:58 A H:\ibaraki\Homepage_MSC\resources\latex_resources\latex\tools\thmb.sty <-- mechatro2 /home1/www/htdocs/resources/latex_resources/latex/tools thmb.sty
99.12.12 13:58 A H:\ibaraki\Homepage_MSC\resources\latex_resources\latex\tools\thcb.sty <-- mechatro2 /home1/www/htdocs/resources/latex_resources/latex/tools thcb.sty
99.12.12 13:58 A H:\ibaraki\Homepage_MSC\resources\latex_resources\latex\tools\thb.sty <-- mechatro2 /home1/www/htdocs/resources/latex_resources/latex/tools thb.sty
99.12.12 13:58 A H:\ibaraki\Homepage_MSC\resources\latex_resources\latex\tools\thm.sty <-- mechatro2 /home1/www/htdocs/resources/latex_resources/latex/tools thm.sty
99.12.12 13:58 A H:\ibaraki\Homepage_MSC\resources\latex_resources\latex\tools\thp.sty <-- mechatro2 /home1/www/htdocs/resources/latex_resources/latex/tools thp.sty
99.12.12 13:58 A H:\ibaraki\Homepage_MSC\resources\latex_resources\latex\tools\thc.sty <-- mechatro2 /home1/www/htdocs/resources/latex_resources/latex/tools thc.sty
99.12.12 13:58 A H:\ibaraki\Homepage_MSC\resources\latex_resources\latex\tools\dcolumn.sty <-- mechatro2 /home1/www/htdocs/resources/latex_resources/latex/tools dcolumn.sty
99.12.12 13:58 A H:\ibaraki\Homepage_MSC\resources\latex_resources\latex\tools\somedefs.sty <-- mechatro2 /home1/www/htdocs/resources/latex_resources/latex/tools somedefs.sty
99.12.12 13:58 A H:\ibaraki\Homepage_MSC\resources\latex_resources\latex\tools\xr.sty <-- mechatro2 /home1/www/htdocs/resources/latex_resources/latex/tools xr.sty
99.12.12 13:58 A H:\ibaraki\Homepage_MSC\resources\latex_resources\latex\tools\delarray.sty <-- mechatro2 /home1/www/htdocs/resources/latex_resources/latex/tools delarray.sty
99.12.12 13:58 A H:\ibaraki\Homepage_MSC\resources\latex_resources\latex\tools\xspace.sty <-- mechatro2 /home1/www/htdocs/resources/latex_resources/latex/tools xspace.sty
99.12.12 13:58 A H:\ibaraki\Homepage_MSC\resources\latex_resources\latex\tools\indentfirst.sty <-- mechatro2 /home1/www/htdocs/resources/latex_resources/latex/tools indentfirst.sty
99.12.12 13:58 A H:\ibaraki\Homepage_MSC\resources\latex_resources\latex\tools\h.tex <-- mechatro2 /home1/www/htdocs/resources/latex_resources/latex/tools h.tex
99.12.12 13:58 A H:\ibaraki\Homepage_MSC\resources\latex_resources\latex\tools\r.tex <-- mechatro2 /home1/www/htdocs/resources/latex_resources/latex/tools r.tex
99.12.12 13:58 A H:\ibaraki\Homepage_MSC\resources\latex_resources\latex\tools\s.tex <-- mechatro2 /home1/www/htdocs/resources/latex_resources/latex/tools s.tex
99.12.12 13:58 A H:\ibaraki\Homepage_MSC\resources\latex_resources\latex\tools\q.tex <-- mechatro2 /home1/www/htdocs/resources/latex_resources/latex/tools q.tex
99.12.12 13:58 A H:\ibaraki\Homepage_MSC\resources\latex_resources\latex\tools\x.tex <-- mechatro2 /home1/www/htdocs/resources/latex_resources/latex/tools x.tex
99.12.12 13:58 A H:\ibaraki\Homepage_MSC\resources\latex_resources\latex\tools\e.tex <-- mechatro2 /home1/www/htdocs/resources/latex_resources/latex/tools e.tex
99.12.12 13:58 A H:\ibaraki\Homepage_MSC\resources\latex_resources\latex\tools\.tex <-- mechatro2 /home1/www/htdocs/resources/latex_resources/latex/tools .tex
