99.12.12 13:56 A H:\ibaraki\Homepage_MSC\resources\latex_resources\latex\lucidabr\lucidabr.sty <-- mechatro2 /home1/www/htdocs/resources/latex_resources/latex/lucidabr lucidabr.sty
99.12.12 13:56 A H:\ibaraki\Homepage_MSC\resources\latex_resources\latex\lucidabr\lucbmath.sty <-- mechatro2 /home1/www/htdocs/resources/latex_resources/latex/lucidabr lucbmath.sty
99.12.12 13:56 A H:\ibaraki\Homepage_MSC\resources\latex_resources\latex\lucidabr\lucmin.sty <-- mechatro2 /home1/www/htdocs/resources/latex_resources/latex/lucidabr lucmin.sty
99.12.12 13:56 A H:\ibaraki\Homepage_MSC\resources\latex_resources\latex\lucidabr\lucmtime.sty <-- mechatro2 /home1/www/htdocs/resources/latex_resources/latex/lucidabr lucmtime.sty
99.12.12 13:56 A H:\ibaraki\Homepage_MSC\resources\latex_resources\latex\lucidabr\ly1enc.def <-- mechatro2 /home1/www/htdocs/resources/latex_resources/latex/lucidabr ly1enc.def
99.12.12 13:56 A H:\ibaraki\Homepage_MSC\resources\latex_resources\latex\lucidabr\texnansi.sty <-- mechatro2 /home1/www/htdocs/resources/latex_resources/latex/lucidabr texnansi.sty
99.12.12 13:56 A H:\ibaraki\Homepage_MSC\resources\latex_resources\latex\lucidabr\lucfont.tex <-- mechatro2 /home1/www/htdocs/resources/latex_resources/latex/lucidabr lucfont.tex
99.12.12 13:56 A H:\ibaraki\Homepage_MSC\resources\latex_resources\latex\lucidabr\ly1phv.fd <-- mechatro2 /home1/www/htdocs/resources/latex_resources/latex/lucidabr ly1phv.fd
99.12.12 13:56 A H:\ibaraki\Homepage_MSC\resources\latex_resources\latex\lucidabr\ot1hlst.fd <-- mechatro2 /home1/www/htdocs/resources/latex_resources/latex/lucidabr ot1hlst.fd
99.12.12 13:56 A H:\ibaraki\Homepage_MSC\resources\latex_resources\latex\lucidabr\ot1hlct.fd <-- mechatro2 /home1/www/htdocs/resources/latex_resources/latex/lucidabr ot1hlct.fd
99.12.12 13:56 A H:\ibaraki\Homepage_MSC\resources\latex_resources\latex\lucidabr\ly1hlst.fd <-- mechatro2 /home1/www/htdocs/resources/latex_resources/latex/lucidabr ly1hlst.fd
99.12.12 13:56 A H:\ibaraki\Homepage_MSC\resources\latex_resources\latex\lucidabr\ly1hlct.fd <-- mechatro2 /home1/www/htdocs/resources/latex_resources/latex/lucidabr ly1hlct.fd
99.12.12 13:56 A H:\ibaraki\Homepage_MSC\resources\latex_resources\latex\lucidabr\t1hlst.fd <-- mechatro2 /home1/www/htdocs/resources/latex_resources/latex/lucidabr t1hlst.fd
99.12.12 13:56 A H:\ibaraki\Homepage_MSC\resources\latex_resources\latex\lucidabr\t1hlct.fd <-- mechatro2 /home1/www/htdocs/resources/latex_resources/latex/lucidabr t1hlct.fd
99.12.12 13:56 A H:\ibaraki\Homepage_MSC\resources\latex_resources\latex\lucidabr\ly1hls.fd <-- mechatro2 /home1/www/htdocs/resources/latex_resources/latex/lucidabr ly1hls.fd
99.12.12 13:56 A H:\ibaraki\Homepage_MSC\resources\latex_resources\latex\lucidabr\ly1hlh.fd <-- mechatro2 /home1/www/htdocs/resources/latex_resources/latex/lucidabr ly1hlh.fd
99.12.12 13:56 A H:\ibaraki\Homepage_MSC\resources\latex_resources\latex\lucidabr\ot1hls.fd <-- mechatro2 /home1/www/htdocs/resources/latex_resources/latex/lucidabr ot1hls.fd
99.12.12 13:56 A H:\ibaraki\Homepage_MSC\resources\latex_resources\latex\lucidabr\ts1hlst.fd <-- mechatro2 /home1/www/htdocs/resources/latex_resources/latex/lucidabr ts1hlst.fd
99.12.12 13:56 A H:\ibaraki\Homepage_MSC\resources\latex_resources\latex\lucidabr\ts1hlct.fd <-- mechatro2 /home1/www/htdocs/resources/latex_resources/latex/lucidabr ts1hlct.fd
99.12.12 13:56 A H:\ibaraki\Homepage_MSC\resources\latex_resources\latex\lucidabr\ly1pcr.fd <-- mechatro2 /home1/www/htdocs/resources/latex_resources/latex/lucidabr ly1pcr.fd
99.12.12 13:56 A H:\ibaraki\Homepage_MSC\resources\latex_resources\latex\lucidabr\omshlh.fd <-- mechatro2 /home1/www/htdocs/resources/latex_resources/latex/lucidabr omshlh.fd
99.12.12 13:56 A H:\ibaraki\Homepage_MSC\resources\latex_resources\latex\lucidabr\t1hls.fd <-- mechatro2 /home1/www/htdocs/resources/latex_resources/latex/lucidabr t1hls.fd
99.12.12 13:56 A H:\ibaraki\Homepage_MSC\resources\latex_resources\latex\lucidabr\8rhlst.fd <-- mechatro2 /home1/www/htdocs/resources/latex_resources/latex/lucidabr 8rhlst.fd
99.12.12 13:56 A H:\ibaraki\Homepage_MSC\resources\latex_resources\latex\lucidabr\8rhlct.fd <-- mechatro2 /home1/www/htdocs/resources/latex_resources/latex/lucidabr 8rhlct.fd
99.12.12 13:56 A H:\ibaraki\Homepage_MSC\resources\latex_resources\latex\lucidabr\omlhlh.fd <-- mechatro2 /home1/www/htdocs/resources/latex_resources/latex/lucidabr omlhlh.fd
99.12.12 13:56 A H:\ibaraki\Homepage_MSC\resources\latex_resources\latex\lucidabr\ly1ptm.fd <-- mechatro2 /home1/www/htdocs/resources/latex_resources/latex/lucidabr ly1ptm.fd
99.12.12 13:56 A H:\ibaraki\Homepage_MSC\resources\latex_resources\latex\lucidabr\ot1hlx.fd <-- mechatro2 /home1/www/htdocs/resources/latex_resources/latex/lucidabr ot1hlx.fd
99.12.12 13:56 A H:\ibaraki\Homepage_MSC\resources\latex_resources\latex\lucidabr\ot1hlh.fd <-- mechatro2 /home1/www/htdocs/resources/latex_resources/latex/lucidabr ot1hlh.fd
99.12.12 13:56 A H:\ibaraki\Homepage_MSC\resources\latex_resources\latex\lucidabr\omlhlcm.fd <-- mechatro2 /home1/www/htdocs/resources/latex_resources/latex/lucidabr omlhlcm.fd
99.12.12 13:56 A H:\ibaraki\Homepage_MSC\resources\latex_resources\latex\lucidabr\ts1hls.fd <-- mechatro2 /home1/www/htdocs/resources/latex_resources/latex/lucidabr ts1hls.fd
99.12.12 13:56 A H:\ibaraki\Homepage_MSC\resources\latex_resources\latex\lucidabr\t1hlx.fd <-- mechatro2 /home1/www/htdocs/resources/latex_resources/latex/lucidabr t1hlx.fd
99.12.12 13:56 A H:\ibaraki\Homepage_MSC\resources\latex_resources\latex\lucidabr\t1hlh.fd <-- mechatro2 /home1/www/htdocs/resources/latex_resources/latex/lucidabr t1hlh.fd
99.12.12 13:56 A H:\ibaraki\Homepage_MSC\resources\latex_resources\latex\lucidabr\8rhlh.fd <-- mechatro2 /home1/www/htdocs/resources/latex_resources/latex/lucidabr 8rhlh.fd
99.12.12 13:56 A H:\ibaraki\Homepage_MSC\resources\latex_resources\latex\lucidabr\8rhls.fd <-- mechatro2 /home1/www/htdocs/resources/latex_resources/latex/lucidabr 8rhls.fd
99.12.12 13:56 A H:\ibaraki\Homepage_MSC\resources\latex_resources\latex\lucidabr\ly1hlcw.fd <-- mechatro2 /home1/www/htdocs/resources/latex_resources/latex/lucidabr ly1hlcw.fd
99.12.12 13:56 A H:\ibaraki\Homepage_MSC\resources\latex_resources\latex\lucidabr\ly1hlce.fd <-- mechatro2 /home1/www/htdocs/resources/latex_resources/latex/lucidabr ly1hlce.fd
99.12.12 13:56 A H:\ibaraki\Homepage_MSC\resources\latex_resources\latex\lucidabr\ly1hlcf.fd <-- mechatro2 /home1/www/htdocs/resources/latex_resources/latex/lucidabr ly1hlcf.fd
99.12.12 13:56 A H:\ibaraki\Homepage_MSC\resources\latex_resources\latex\lucidabr\ly1hlcn.fd <-- mechatro2 /home1/www/htdocs/resources/latex_resources/latex/lucidabr ly1hlcn.fd
99.12.12 13:56 A H:\ibaraki\Homepage_MSC\resources\latex_resources\latex\lucidabr\ly1hlx.fd <-- mechatro2 /home1/www/htdocs/resources/latex_resources/latex/lucidabr ly1hlx.fd
99.12.12 13:56 A H:\ibaraki\Homepage_MSC\resources\latex_resources\latex\lucidabr\omshlcy.fd <-- mechatro2 /home1/www/htdocs/resources/latex_resources/latex/lucidabr omshlcy.fd
99.12.12 13:56 A H:\ibaraki\Homepage_MSC\resources\latex_resources\latex\lucidabr\ts1hlx.fd <-- mechatro2 /home1/www/htdocs/resources/latex_resources/latex/lucidabr ts1hlx.fd
99.12.12 13:56 A H:\ibaraki\Homepage_MSC\resources\latex_resources\latex\lucidabr\ts1hlh.fd <-- mechatro2 /home1/www/htdocs/resources/latex_resources/latex/lucidabr ts1hlh.fd
99.12.12 13:56 A H:\ibaraki\Homepage_MSC\resources\latex_resources\latex\lucidabr\lmrhlcm.fd <-- mechatro2 /home1/www/htdocs/resources/latex_resources/latex/lucidabr lmrhlcm.fd
99.12.12 13:56 A H:\ibaraki\Homepage_MSC\resources\latex_resources\latex\lucidabr\8rhlx.fd <-- mechatro2 /home1/www/htdocs/resources/latex_resources/latex/lucidabr 8rhlx.fd
99.12.12 13:56 A H:\ibaraki\Homepage_MSC\resources\latex_resources\latex\lucidabr\omxhlcv.fd <-- mechatro2 /home1/www/htdocs/resources/latex_resources/latex/lucidabr omxhlcv.fd
99.12.12 13:56 A H:\ibaraki\Homepage_MSC\resources\latex_resources\latex\lucidabr\ot1hlcf.fd <-- mechatro2 /home1/www/htdocs/resources/latex_resources/latex/lucidabr ot1hlcf.fd
99.12.12 13:56 A H:\ibaraki\Homepage_MSC\resources\latex_resources\latex\lucidabr\ot1hlcn.fd <-- mechatro2 /home1/www/htdocs/resources/latex_resources/latex/lucidabr ot1hlcn.fd
99.12.12 13:56 A H:\ibaraki\Homepage_MSC\resources\latex_resources\latex\lucidabr\lucidbry.sty <-- mechatro2 /home1/www/htdocs/resources/latex_resources/latex/lucidabr lucidbry.sty
99.12.12 13:56 A H:\ibaraki\Homepage_MSC\resources\latex_resources\latex\lucidabr\lucidbrb.sty <-- mechatro2 /home1/www/htdocs/resources/latex_resources/latex/lucidabr lucidbrb.sty
99.12.12 13:56 A H:\ibaraki\Homepage_MSC\resources\latex_resources\latex\lucidabr\ot1hlcw.fd <-- mechatro2 /home1/www/htdocs/resources/latex_resources/latex/lucidabr ot1hlcw.fd
99.12.12 13:56 A H:\ibaraki\Homepage_MSC\resources\latex_resources\latex\lucidabr\ot1hlce.fd <-- mechatro2 /home1/www/htdocs/resources/latex_resources/latex/lucidabr ot1hlce.fd
99.12.12 13:56 A H:\ibaraki\Homepage_MSC\resources\latex_resources\latex\lucidabr\t1hlcf.fd <-- mechatro2 /home1/www/htdocs/resources/latex_resources/latex/lucidabr t1hlcf.fd
99.12.12 13:56 A H:\ibaraki\Homepage_MSC\resources\latex_resources\latex\lucidabr\t1hlcn.fd <-- mechatro2 /home1/www/htdocs/resources/latex_resources/latex/lucidabr t1hlcn.fd
99.12.12 13:56 A H:\ibaraki\Homepage_MSC\resources\latex_resources\latex\lucidabr\ts1hlcf.fd <-- mechatro2 /home1/www/htdocs/resources/latex_resources/latex/lucidabr ts1hlcf.fd
99.12.12 13:56 A H:\ibaraki\Homepage_MSC\resources\latex_resources\latex\lucidabr\ts1hlcn.fd <-- mechatro2 /home1/www/htdocs/resources/latex_resources/latex/lucidabr ts1hlcn.fd
99.12.12 13:56 A H:\ibaraki\Homepage_MSC\resources\latex_resources\latex\lucidabr\8rhlcf.fd <-- mechatro2 /home1/www/htdocs/resources/latex_resources/latex/lucidabr 8rhlcf.fd
99.12.12 13:56 A H:\ibaraki\Homepage_MSC\resources\latex_resources\latex\lucidabr\8rhlcn.fd <-- mechatro2 /home1/www/htdocs/resources/latex_resources/latex/lucidabr 8rhlcn.fd
99.12.12 13:56 A H:\ibaraki\Homepage_MSC\resources\latex_resources\latex\lucidabr\ts1hlcw.fd <-- mechatro2 /home1/www/htdocs/resources/latex_resources/latex/lucidabr ts1hlcw.fd
99.12.12 13:56 A H:\ibaraki\Homepage_MSC\resources\latex_resources\latex\lucidabr\ts1hlce.fd <-- mechatro2 /home1/www/htdocs/resources/latex_resources/latex/lucidabr ts1hlce.fd
99.12.12 13:56 A H:\ibaraki\Homepage_MSC\resources\latex_resources\latex\lucidabr\t1hlcw.fd <-- mechatro2 /home1/www/htdocs/resources/latex_resources/latex/lucidabr t1hlcw.fd
99.12.12 13:56 A H:\ibaraki\Homepage_MSC\resources\latex_resources\latex\lucidabr\t1hlce.fd <-- mechatro2 /home1/www/htdocs/resources/latex_resources/latex/lucidabr t1hlce.fd
99.12.12 13:56 A H:\ibaraki\Homepage_MSC\resources\latex_resources\latex\lucidabr\8rhlcw.fd <-- mechatro2 /home1/www/htdocs/resources/latex_resources/latex/lucidabr 8rhlcw.fd
99.12.12 13:56 A H:\ibaraki\Homepage_MSC\resources\latex_resources\latex\lucidabr\8rhlce.fd <-- mechatro2 /home1/www/htdocs/resources/latex_resources/latex/lucidabr 8rhlce.fd
