98.06.03 16:11 B d:\lyi\bcssa\Guide\dImage\banking.gif --> mechatro2.me.berkeley.edu /usr/src/apache_1.2.6/htdocs/BCSSA/dImage banking.gif
98.06.03 16:11 B d:\lyi\bcssa\Guide\dImage\banking_.gif --> mechatro2.me.berkeley.edu /usr/src/apache_1.2.6/htdocs/BCSSA/dImage banking_.gif
98.06.03 16:11 B d:\lyi\bcssa\Guide\dImage\banner.GIF --> mechatro2.me.berkeley.edu /usr/src/apache_1.2.6/htdocs/BCSSA/dImage banner.GIF
98.06.03 16:11 B d:\lyi\bcssa\Guide\dImage\banner.jpg --> mechatro2.me.berkeley.edu /usr/src/apache_1.2.6/htdocs/BCSSA/dImage banner.jpg
98.06.03 16:11 B d:\lyi\bcssa\Guide\dImage\bcssa.GIF --> mechatro2.me.berkeley.edu /usr/src/apache_1.2.6/htdocs/BCSSA/dImage bcssa.GIF
98.06.03 16:11 B d:\lyi\bcssa\Guide\dImage\bcssa.jpg --> mechatro2.me.berkeley.edu /usr/src/apache_1.2.6/htdocs/BCSSA/dImage bcssa.jpg
98.06.03 16:11 B d:\lyi\bcssa\Guide\dImage\bg.GIF --> mechatro2.me.berkeley.edu /usr/src/apache_1.2.6/htdocs/BCSSA/dImage bg.GIF
98.06.03 16:11 B d:\lyi\bcssa\Guide\dImage\bike.GIF --> mechatro2.me.berkeley.edu /usr/src/apache_1.2.6/htdocs/BCSSA/dImage bike.GIF
98.06.03 16:11 B d:\lyi\bcssa\Guide\dImage\bike_.GIF --> mechatro2.me.berkeley.edu /usr/src/apache_1.2.6/htdocs/BCSSA/dImage bike_.GIF
98.06.03 16:11 B d:\lyi\bcssa\Guide\dImage\buycar.GIF --> mechatro2.me.berkeley.edu /usr/src/apache_1.2.6/htdocs/BCSSA/dImage buycar.GIF
98.06.03 16:11 B d:\lyi\bcssa\Guide\dImage\buycar_.GIF --> mechatro2.me.berkeley.edu /usr/src/apache_1.2.6/htdocs/BCSSA/dImage buycar_.GIF
98.06.03 16:11 B d:\lyi\bcssa\Guide\dImage\buyComp.GIF --> mechatro2.me.berkeley.edu /usr/src/apache_1.2.6/htdocs/BCSSA/dImage buyComp.GIF
98.06.03 16:11 B d:\lyi\bcssa\Guide\dImage\buyComp_.GIF --> mechatro2.me.berkeley.edu /usr/src/apache_1.2.6/htdocs/BCSSA/dImage buyComp_.GIF
98.06.03 16:11 B d:\lyi\bcssa\Guide\dImage\c2.gif --> mechatro2.me.berkeley.edu /usr/src/apache_1.2.6/htdocs/BCSSA/dImage c2.gif
98.06.03 16:11 B d:\lyi\bcssa\Guide\dImage\c3.GIF --> mechatro2.me.berkeley.edu /usr/src/apache_1.2.6/htdocs/BCSSA/dImage c3.GIF
98.06.03 16:11 B d:\lyi\bcssa\Guide\dImage\car.GIF --> mechatro2.me.berkeley.edu /usr/src/apache_1.2.6/htdocs/BCSSA/dImage car.GIF
98.06.03 16:11 B d:\lyi\bcssa\Guide\dImage\car_.GIF --> mechatro2.me.berkeley.edu /usr/src/apache_1.2.6/htdocs/BCSSA/dImage car_.GIF
98.06.03 16:11 B d:\lyi\bcssa\Guide\dImage\Cbcssa.GIF --> mechatro2.me.berkeley.edu /usr/src/apache_1.2.6/htdocs/BCSSA/dImage Cbcssa.GIF
98.06.03 16:11 B d:\lyi\bcssa\Guide\dImage\Cbcssa_.GIF --> mechatro2.me.berkeley.edu /usr/src/apache_1.2.6/htdocs/BCSSA/dImage Cbcssa_.GIF
98.06.03 16:11 B d:\lyi\bcssa\Guide\dImage\childre1.gif --> mechatro2.me.berkeley.edu /usr/src/apache_1.2.6/htdocs/BCSSA/dImage childre1.gif
98.06.03 16:11 B d:\lyi\bcssa\Guide\dImage\children.gif --> mechatro2.me.berkeley.edu /usr/src/apache_1.2.6/htdocs/BCSSA/dImage children.gif
98.06.03 16:11 B d:\lyi\bcssa\Guide\dImage\clzd.gif --> mechatro2.me.berkeley.edu /usr/src/apache_1.2.6/htdocs/BCSSA/dImage clzd.gif
98.06.03 16:11 B d:\lyi\bcssa\Guide\dImage\clzd_.gif --> mechatro2.me.berkeley.edu /usr/src/apache_1.2.6/htdocs/BCSSA/dImage clzd_.gif
98.06.03 16:11 B d:\lyi\bcssa\Guide\dImage\cmz.gif --> mechatro2.me.berkeley.edu /usr/src/apache_1.2.6/htdocs/BCSSA/dImage cmz.gif
98.06.03 16:11 B d:\lyi\bcssa\Guide\dImage\cmz_.gif --> mechatro2.me.berkeley.edu /usr/src/apache_1.2.6/htdocs/BCSSA/dImage cmz_.gif
98.06.03 16:11 B d:\lyi\bcssa\Guide\dImage\credit.gif --> mechatro2.me.berkeley.edu /usr/src/apache_1.2.6/htdocs/BCSSA/dImage credit.gif
98.06.03 16:11 B d:\lyi\bcssa\Guide\dImage\credit_.gif --> mechatro2.me.berkeley.edu /usr/src/apache_1.2.6/htdocs/BCSSA/dImage credit_.gif
98.06.03 16:11 B d:\lyi\bcssa\Guide\dImage\cz.GIF --> mechatro2.me.berkeley.edu /usr/src/apache_1.2.6/htdocs/BCSSA/dImage cz.GIF
98.06.03 16:11 B d:\lyi\bcssa\Guide\dImage\cz_.GIF --> mechatro2.me.berkeley.edu /usr/src/apache_1.2.6/htdocs/BCSSA/dImage cz_.GIF
98.06.03 16:11 B d:\lyi\bcssa\Guide\dImage\dh.gif --> mechatro2.me.berkeley.edu /usr/src/apache_1.2.6/htdocs/BCSSA/dImage dh.gif
98.06.03 16:11 B d:\lyi\bcssa\Guide\dImage\dh_.gif --> mechatro2.me.berkeley.edu /usr/src/apache_1.2.6/htdocs/BCSSA/dImage dh_.gif
98.06.03 16:11 B d:\lyi\bcssa\Guide\dImage\dlxg.gif --> mechatro2.me.berkeley.edu /usr/src/apache_1.2.6/htdocs/BCSSA/dImage dlxg.gif
98.06.03 16:11 B d:\lyi\bcssa\Guide\dImage\dlxg_.gif --> mechatro2.me.berkeley.edu /usr/src/apache_1.2.6/htdocs/BCSSA/dImage dlxg_.gif
98.06.03 16:11 B d:\lyi\bcssa\Guide\dImage\Ebcssa.GIF --> mechatro2.me.berkeley.edu /usr/src/apache_1.2.6/htdocs/BCSSA/dImage Ebcssa.GIF
98.06.03 16:11 B d:\lyi\bcssa\Guide\dImage\Ebcssa_.GIF --> mechatro2.me.berkeley.edu /usr/src/apache_1.2.6/htdocs/BCSSA/dImage Ebcssa_.GIF
98.06.03 16:11 B d:\lyi\bcssa\Guide\dImage\email.GIF --> mechatro2.me.berkeley.edu /usr/src/apache_1.2.6/htdocs/BCSSA/dImage email.GIF
98.06.03 16:12 B d:\lyi\bcssa\Guide\dImage\email_.GIF --> mechatro2.me.berkeley.edu /usr/src/apache_1.2.6/htdocs/BCSSA/dImage email_.GIF
98.06.03 16:12 B d:\lyi\bcssa\Guide\dImage\faid.GIF --> mechatro2.me.berkeley.edu /usr/src/apache_1.2.6/htdocs/BCSSA/dImage faid.GIF
98.06.03 16:12 B d:\lyi\bcssa\Guide\dImage\faid_.GIF --> mechatro2.me.berkeley.edu /usr/src/apache_1.2.6/htdocs/BCSSA/dImage faid_.GIF
98.06.03 16:12 B d:\lyi\bcssa\Guide\dImage\fleeMkt.GIF --> mechatro2.me.berkeley.edu /usr/src/apache_1.2.6/htdocs/BCSSA/dImage fleeMkt.GIF
98.06.03 16:12 B d:\lyi\bcssa\Guide\dImage\fleeMkt_.GIF --> mechatro2.me.berkeley.edu /usr/src/apache_1.2.6/htdocs/BCSSA/dImage fleeMkt_.GIF
98.06.03 16:12 B d:\lyi\bcssa\Guide\dImage\fwxz.gif --> mechatro2.me.berkeley.edu /usr/src/apache_1.2.6/htdocs/BCSSA/dImage fwxz.gif
98.06.03 16:12 B d:\lyi\bcssa\Guide\dImage\fwxz_.gif --> mechatro2.me.berkeley.edu /usr/src/apache_1.2.6/htdocs/BCSSA/dImage fwxz_.gif
98.06.03 16:12 B d:\lyi\bcssa\Guide\dImage\fwzx.GIF --> mechatro2.me.berkeley.edu /usr/src/apache_1.2.6/htdocs/BCSSA/dImage fwzx.GIF
98.06.03 16:12 B d:\lyi\bcssa\Guide\dImage\fwzx_.GIF --> mechatro2.me.berkeley.edu /usr/src/apache_1.2.6/htdocs/BCSSA/dImage fwzx_.GIF
98.06.03 16:12 B d:\lyi\bcssa\Guide\dImage\gnxs.gif --> mechatro2.me.berkeley.edu /usr/src/apache_1.2.6/htdocs/BCSSA/dImage gnxs.gif
98.06.03 16:12 B d:\lyi\bcssa\Guide\dImage\gnxs_.gif --> mechatro2.me.berkeley.edu /usr/src/apache_1.2.6/htdocs/BCSSA/dImage gnxs_.gif
98.06.03 16:12 B d:\lyi\bcssa\Guide\dImage\groceries.GIF --> mechatro2.me.berkeley.edu /usr/src/apache_1.2.6/htdocs/BCSSA/dImage groceries.GIF
98.06.03 16:12 B d:\lyi\bcssa\Guide\dImage\groceries_.GIF --> mechatro2.me.berkeley.edu /usr/src/apache_1.2.6/htdocs/BCSSA/dImage groceries_.GIF
98.06.03 16:12 B d:\lyi\bcssa\Guide\dImage\guideTit.GIF --> mechatro2.me.berkeley.edu /usr/src/apache_1.2.6/htdocs/BCSSA/dImage guideTit.GIF
98.06.03 16:12 B d:\lyi\bcssa\Guide\dImage\haircut.GIF --> mechatro2.me.berkeley.edu /usr/src/apache_1.2.6/htdocs/BCSSA/dImage haircut.GIF
98.06.03 16:12 B d:\lyi\bcssa\Guide\dImage\haircut_.GIF --> mechatro2.me.berkeley.edu /usr/src/apache_1.2.6/htdocs/BCSSA/dImage haircut_.GIF
98.06.03 16:12 B d:\lyi\bcssa\Guide\dImage\hope.GIF --> mechatro2.me.berkeley.edu /usr/src/apache_1.2.6/htdocs/BCSSA/dImage hope.GIF
98.06.03 16:12 B d:\lyi\bcssa\Guide\dImage\HopeLogo.GIF --> mechatro2.me.berkeley.edu /usr/src/apache_1.2.6/htdocs/BCSSA/dImage HopeLogo.GIF
98.06.03 16:12 B d:\lyi\bcssa\Guide\dImage\hospita1.GIF --> mechatro2.me.berkeley.edu /usr/src/apache_1.2.6/htdocs/BCSSA/dImage hospita1.GIF
98.06.03 16:12 B d:\lyi\bcssa\Guide\dImage\hospital.GIF --> mechatro2.me.berkeley.edu /usr/src/apache_1.2.6/htdocs/BCSSA/dImage hospital.GIF
98.06.03 16:12 B d:\lyi\bcssa\Guide\dImage\housing.gif --> mechatro2.me.berkeley.edu /usr/src/apache_1.2.6/htdocs/BCSSA/dImage housing.gif
98.06.03 16:12 B d:\lyi\bcssa\Guide\dImage\housing_.gif --> mechatro2.me.berkeley.edu /usr/src/apache_1.2.6/htdocs/BCSSA/dImage housing_.gif
98.06.03 16:12 B d:\lyi\bcssa\Guide\dImage\Image14.gif --> mechatro2.me.berkeley.edu /usr/src/apache_1.2.6/htdocs/BCSSA/dImage Image14.gif
98.06.03 16:12 B d:\lyi\bcssa\Guide\dImage\intro.GIF --> mechatro2.me.berkeley.edu /usr/src/apache_1.2.6/htdocs/BCSSA/dImage intro.GIF
98.06.03 16:12 B d:\lyi\bcssa\Guide\dImage\jj.gif --> mechatro2.me.berkeley.edu /usr/src/apache_1.2.6/htdocs/BCSSA/dImage jj.gif
98.06.03 16:12 B d:\lyi\bcssa\Guide\dImage\jj_.gif --> mechatro2.me.berkeley.edu /usr/src/apache_1.2.6/htdocs/BCSSA/dImage jj_.gif
98.06.03 16:12 B d:\lyi\bcssa\Guide\dImage\jt.gif --> mechatro2.me.berkeley.edu /usr/src/apache_1.2.6/htdocs/BCSSA/dImage jt.gif
98.06.03 16:12 B d:\lyi\bcssa\Guide\dImage\jt_.gif --> mechatro2.me.berkeley.edu /usr/src/apache_1.2.6/htdocs/BCSSA/dImage jt_.gif
98.06.03 16:12 B d:\lyi\bcssa\Guide\dImage\kb.gif --> mechatro2.me.berkeley.edu /usr/src/apache_1.2.6/htdocs/BCSSA/dImage kb.gif
98.06.03 16:12 B d:\lyi\bcssa\Guide\dImage\kb_.gif --> mechatro2.me.berkeley.edu /usr/src/apache_1.2.6/htdocs/BCSSA/dImage kb_.gif
98.06.03 16:12 B d:\lyi\bcssa\Guide\dImage\lx.gif --> mechatro2.me.berkeley.edu /usr/src/apache_1.2.6/htdocs/BCSSA/dImage lx.gif
98.06.03 16:12 B d:\lyi\bcssa\Guide\dImage\lx_.gif --> mechatro2.me.berkeley.edu /usr/src/apache_1.2.6/htdocs/BCSSA/dImage lx_.gif
98.06.03 16:12 B d:\lyi\bcssa\Guide\dImage\lyi.gif --> mechatro2.me.berkeley.edu /usr/src/apache_1.2.6/htdocs/BCSSA/dImage lyi.gif
98.06.03 16:12 B d:\lyi\bcssa\Guide\dImage\lyi_.gif --> mechatro2.me.berkeley.edu /usr/src/apache_1.2.6/htdocs/BCSSA/dImage lyi_.gif
98.06.03 16:12 B d:\lyi\bcssa\Guide\dImage\medInsu1.GIF --> mechatro2.me.berkeley.edu /usr/src/apache_1.2.6/htdocs/BCSSA/dImage medInsu1.GIF
98.06.03 16:12 B d:\lyi\bcssa\Guide\dImage\medInsur.GIF --> mechatro2.me.berkeley.edu /usr/src/apache_1.2.6/htdocs/BCSSA/dImage medInsur.GIF
98.06.03 16:12 B d:\lyi\bcssa\Guide\dImage\nap.gif --> mechatro2.me.berkeley.edu /usr/src/apache_1.2.6/htdocs/BCSSA/dImage nap.gif
98.06.03 16:12 B d:\lyi\bcssa\Guide\dImage\nap_.gif --> mechatro2.me.berkeley.edu /usr/src/apache_1.2.6/htdocs/BCSSA/dImage nap_.gif
98.06.03 16:12 B d:\lyi\bcssa\Guide\dImage\news.GIF --> mechatro2.me.berkeley.edu /usr/src/apache_1.2.6/htdocs/BCSSA/dImage news.GIF
98.06.03 16:12 B d:\lyi\bcssa\Guide\dImage\news1.GIF --> mechatro2.me.berkeley.edu /usr/src/apache_1.2.6/htdocs/BCSSA/dImage news1.GIF
98.06.03 16:12 B d:\lyi\bcssa\Guide\dImage\news_.GIF --> mechatro2.me.berkeley.edu /usr/src/apache_1.2.6/htdocs/BCSSA/dImage news_.GIF
98.06.03 16:12 B d:\lyi\bcssa\Guide\dImage\pbsrz.gif --> mechatro2.me.berkeley.edu /usr/src/apache_1.2.6/htdocs/BCSSA/dImage pbsrz.gif
98.06.03 16:12 B d:\lyi\bcssa\Guide\dImage\pbsrz_.gif --> mechatro2.me.berkeley.edu /usr/src/apache_1.2.6/htdocs/BCSSA/dImage pbsrz_.gif
98.06.03 16:12 B d:\lyi\bcssa\Guide\dImage\pressure.GIF --> mechatro2.me.berkeley.edu /usr/src/apache_1.2.6/htdocs/BCSSA/dImage pressure.GIF
98.06.03 16:12 B d:\lyi\bcssa\Guide\dImage\pressure_.GIF --> mechatro2.me.berkeley.edu /usr/src/apache_1.2.6/htdocs/BCSSA/dImage pressure_.GIF
98.06.03 16:12 B d:\lyi\bcssa\Guide\dImage\pubTrans.GIF --> mechatro2.me.berkeley.edu /usr/src/apache_1.2.6/htdocs/BCSSA/dImage pubTrans.GIF
98.06.03 16:12 B d:\lyi\bcssa\Guide\dImage\pubTrans_.GIF --> mechatro2.me.berkeley.edu /usr/src/apache_1.2.6/htdocs/BCSSA/dImage pubTrans_.GIF
98.06.03 16:12 B d:\lyi\bcssa\Guide\dImage\rcsh.gif --> mechatro2.me.berkeley.edu /usr/src/apache_1.2.6/htdocs/BCSSA/dImage rcsh.gif
98.06.03 16:12 B d:\lyi\bcssa\Guide\dImage\rcsh_.gif --> mechatro2.me.berkeley.edu /usr/src/apache_1.2.6/htdocs/BCSSA/dImage rcsh_.gif
98.06.03 16:12 B d:\lyi\bcssa\Guide\dImage\rxss.GIF --> mechatro2.me.berkeley.edu /usr/src/apache_1.2.6/htdocs/BCSSA/dImage rxss.GIF
98.06.03 16:12 B d:\lyi\bcssa\Guide\dImage\rxss_.GIF --> mechatro2.me.berkeley.edu /usr/src/apache_1.2.6/htdocs/BCSSA/dImage rxss_.GIF
98.06.03 16:12 B d:\lyi\bcssa\Guide\dImage\shopping.gif --> mechatro2.me.berkeley.edu /usr/src/apache_1.2.6/htdocs/BCSSA/dImage shopping.gif
98.06.03 16:12 B d:\lyi\bcssa\Guide\dImage\shopping_.gif --> mechatro2.me.berkeley.edu /usr/src/apache_1.2.6/htdocs/BCSSA/dImage shopping_.gif
98.06.03 16:12 B d:\lyi\bcssa\Guide\dImage\shzn.gif --> mechatro2.me.berkeley.edu /usr/src/apache_1.2.6/htdocs/BCSSA/dImage shzn.gif
98.06.03 16:12 B d:\lyi\bcssa\Guide\dImage\shzn_.gif --> mechatro2.me.berkeley.edu /usr/src/apache_1.2.6/htdocs/BCSSA/dImage shzn_.gif
98.06.03 16:12 B d:\lyi\bcssa\Guide\dImage\star.gif --> mechatro2.me.berkeley.edu /usr/src/apache_1.2.6/htdocs/BCSSA/dImage star.gif
98.06.03 16:12 B d:\lyi\bcssa\Guide\dImage\T9.gif --> mechatro2.me.berkeley.edu /usr/src/apache_1.2.6/htdocs/BCSSA/dImage T9.gif
98.06.03 16:12 B d:\lyi\bcssa\Guide\dImage\tax.GIF --> mechatro2.me.berkeley.edu /usr/src/apache_1.2.6/htdocs/BCSSA/dImage tax.GIF
98.06.03 16:12 B d:\lyi\bcssa\Guide\dImage\tax_.GIF --> mechatro2.me.berkeley.edu /usr/src/apache_1.2.6/htdocs/BCSSA/dImage tax_.GIF
98.06.03 16:12 B d:\lyi\bcssa\Guide\dImage\team.GIF --> mechatro2.me.berkeley.edu /usr/src/apache_1.2.6/htdocs/BCSSA/dImage team.GIF
98.06.03 16:12 B d:\lyi\bcssa\Guide\dImage\team_.GIF --> mechatro2.me.berkeley.edu /usr/src/apache_1.2.6/htdocs/BCSSA/dImage team_.GIF
98.06.03 16:12 B d:\lyi\bcssa\Guide\dImage\tqjs.gif --> mechatro2.me.berkeley.edu /usr/src/apache_1.2.6/htdocs/BCSSA/dImage tqjs.gif
98.06.03 16:12 B d:\lyi\bcssa\Guide\dImage\tqjs_.gif --> mechatro2.me.berkeley.edu /usr/src/apache_1.2.6/htdocs/BCSSA/dImage tqjs_.gif
98.06.03 16:12 B d:\lyi\bcssa\Guide\dImage\travelAgent.GIF --> mechatro2.me.berkeley.edu /usr/src/apache_1.2.6/htdocs/BCSSA/dImage travelAgent.GIF
98.06.03 16:12 B d:\lyi\bcssa\Guide\dImage\travelAgent_.GIF --> mechatro2.me.berkeley.edu /usr/src/apache_1.2.6/htdocs/BCSSA/dImage travelAgent_.GIF
98.06.03 16:12 B d:\lyi\bcssa\Guide\dImage\tx.gif --> mechatro2.me.berkeley.edu /usr/src/apache_1.2.6/htdocs/BCSSA/dImage tx.gif
98.06.03 16:12 B d:\lyi\bcssa\Guide\dImage\tx_.gif --> mechatro2.me.berkeley.edu /usr/src/apache_1.2.6/htdocs/BCSSA/dImage tx_.gif
98.06.03 16:12 B d:\lyi\bcssa\Guide\dImage\txl.gif --> mechatro2.me.berkeley.edu /usr/src/apache_1.2.6/htdocs/BCSSA/dImage txl.gif
98.06.03 16:12 B d:\lyi\bcssa\Guide\dImage\txl_.gif --> mechatro2.me.berkeley.edu /usr/src/apache_1.2.6/htdocs/BCSSA/dImage txl_.gif
98.06.03 16:12 B d:\lyi\bcssa\Guide\dImage\txlbjz.gif --> mechatro2.me.berkeley.edu /usr/src/apache_1.2.6/htdocs/BCSSA/dImage txlbjz.gif
98.06.03 16:12 B d:\lyi\bcssa\Guide\dImage\txlbjz_.gif --> mechatro2.me.berkeley.edu /usr/src/apache_1.2.6/htdocs/BCSSA/dImage txlbjz_.gif
98.06.03 16:12 B d:\lyi\bcssa\Guide\dImage\usingLaw.GIF --> mechatro2.me.berkeley.edu /usr/src/apache_1.2.6/htdocs/BCSSA/dImage usingLaw.GIF
98.06.03 16:12 B d:\lyi\bcssa\Guide\dImage\usingLaw_.GIF --> mechatro2.me.berkeley.edu /usr/src/apache_1.2.6/htdocs/BCSSA/dImage usingLaw_.GIF
98.06.03 16:12 B d:\lyi\bcssa\Guide\dImage\wlbbcz.gif --> mechatro2.me.berkeley.edu /usr/src/apache_1.2.6/htdocs/BCSSA/dImage wlbbcz.gif
98.06.03 16:12 B d:\lyi\bcssa\Guide\dImage\wlbbcz_.gif --> mechatro2.me.berkeley.edu /usr/src/apache_1.2.6/htdocs/BCSSA/dImage wlbbcz_.gif
98.06.03 16:12 B d:\lyi\bcssa\Guide\dImage\work.GIF --> mechatro2.me.berkeley.edu /usr/src/apache_1.2.6/htdocs/BCSSA/dImage work.GIF
98.06.03 16:12 B d:\lyi\bcssa\Guide\dImage\work_.GIF --> mechatro2.me.berkeley.edu /usr/src/apache_1.2.6/htdocs/BCSSA/dImage work_.GIF
98.06.03 16:12 B d:\lyi\bcssa\Guide\dImage\xgwz.gif --> mechatro2.me.berkeley.edu /usr/src/apache_1.2.6/htdocs/BCSSA/dImage xgwz.gif
98.06.03 16:12 B d:\lyi\bcssa\Guide\dImage\xgwz_.gif --> mechatro2.me.berkeley.edu /usr/src/apache_1.2.6/htdocs/BCSSA/dImage xgwz_.gif
98.06.03 16:12 B d:\lyi\bcssa\Guide\dImage\xrc.gif --> mechatro2.me.berkeley.edu /usr/src/apache_1.2.6/htdocs/BCSSA/dImage xrc.gif
98.06.03 16:12 B d:\lyi\bcssa\Guide\dImage\xrc_.gif --> mechatro2.me.berkeley.edu /usr/src/apache_1.2.6/htdocs/BCSSA/dImage xrc_.gif
98.06.03 16:12 B d:\lyi\bcssa\Guide\dImage\xsh.gif --> mechatro2.me.berkeley.edu /usr/src/apache_1.2.6/htdocs/BCSSA/dImage xsh.gif
98.06.03 16:12 B d:\lyi\bcssa\Guide\dImage\xsh_.gif --> mechatro2.me.berkeley.edu /usr/src/apache_1.2.6/htdocs/BCSSA/dImage xsh_.gif
98.06.03 16:12 B d:\lyi\bcssa\Guide\dImage\xxyl.gif --> mechatro2.me.berkeley.edu /usr/src/apache_1.2.6/htdocs/BCSSA/dImage xxyl.gif
98.06.03 16:12 B d:\lyi\bcssa\Guide\dImage\xxyl_.gif --> mechatro2.me.berkeley.edu /usr/src/apache_1.2.6/htdocs/BCSSA/dImage xxyl_.gif
98.06.03 16:12 B d:\lyi\bcssa\Guide\dImage\zxxs.gif --> mechatro2.me.berkeley.edu /usr/src/apache_1.2.6/htdocs/BCSSA/dImage zxxs.gif
98.06.03 16:12 B d:\lyi\bcssa\Guide\dImage\zxxs_.gif --> mechatro2.me.berkeley.edu /usr/src/apache_1.2.6/htdocs/BCSSA/dImage zxxs_.gif
98.06.03 16:12 B d:\lyi\bcssa\Guide\dImage\zzchz.gif --> mechatro2.me.berkeley.edu /usr/src/apache_1.2.6/htdocs/BCSSA/dImage zzchz.gif
98.06.03 16:12 B d:\lyi\bcssa\Guide\dImage\zzchz_.gif --> mechatro2.me.berkeley.edu /usr/src/apache_1.2.6/htdocs/BCSSA/dImage zzchz_.gif
98.06.03 16:56 B d:\Lyi\BCSSA\Guide\dImage\banking.gif --> mechatro2.me.berkeley.edu /usr/src/apache_1.2.6/htdocs/BCSSA/dImage banking.gif
98.06.03 16:56 B d:\Lyi\BCSSA\Guide\dImage\banking_.gif --> mechatro2.me.berkeley.edu /usr/src/apache_1.2.6/htdocs/BCSSA/dImage banking_.gif
98.06.03 16:56 B d:\Lyi\BCSSA\Guide\dImage\banner.GIF --> mechatro2.me.berkeley.edu /usr/src/apache_1.2.6/htdocs/BCSSA/dImage banner.GIF
98.06.03 16:56 B d:\Lyi\BCSSA\Guide\dImage\banner.jpg --> mechatro2.me.berkeley.edu /usr/src/apache_1.2.6/htdocs/BCSSA/dImage banner.jpg
98.06.03 16:56 B d:\Lyi\BCSSA\Guide\dImage\bcssa.GIF --> mechatro2.me.berkeley.edu /usr/src/apache_1.2.6/htdocs/BCSSA/dImage bcssa.GIF
98.06.03 16:56 B d:\Lyi\BCSSA\Guide\dImage\bcssa.jpg --> mechatro2.me.berkeley.edu /usr/src/apache_1.2.6/htdocs/BCSSA/dImage bcssa.jpg
98.06.03 16:56 B d:\Lyi\BCSSA\Guide\dImage\bg.GIF --> mechatro2.me.berkeley.edu /usr/src/apache_1.2.6/htdocs/BCSSA/dImage bg.GIF
98.06.03 16:56 B d:\Lyi\BCSSA\Guide\dImage\bike.GIF --> mechatro2.me.berkeley.edu /usr/src/apache_1.2.6/htdocs/BCSSA/dImage bike.GIF
98.06.03 16:56 B d:\Lyi\BCSSA\Guide\dImage\bike_.GIF --> mechatro2.me.berkeley.edu /usr/src/apache_1.2.6/htdocs/BCSSA/dImage bike_.GIF
98.06.03 16:56 B d:\Lyi\BCSSA\Guide\dImage\buycar.GIF --> mechatro2.me.berkeley.edu /usr/src/apache_1.2.6/htdocs/BCSSA/dImage buycar.GIF
98.06.03 16:56 B d:\Lyi\BCSSA\Guide\dImage\buycar_.GIF --> mechatro2.me.berkeley.edu /usr/src/apache_1.2.6/htdocs/BCSSA/dImage buycar_.GIF
98.06.03 16:56 B d:\Lyi\BCSSA\Guide\dImage\buyComp.GIF --> mechatro2.me.berkeley.edu /usr/src/apache_1.2.6/htdocs/BCSSA/dImage buyComp.GIF
98.06.03 16:56 B d:\Lyi\BCSSA\Guide\dImage\buyComp_.GIF --> mechatro2.me.berkeley.edu /usr/src/apache_1.2.6/htdocs/BCSSA/dImage buyComp_.GIF
98.06.03 16:56 B d:\Lyi\BCSSA\Guide\dImage\c2.gif --> mechatro2.me.berkeley.edu /usr/src/apache_1.2.6/htdocs/BCSSA/dImage c2.gif
98.06.03 16:56 B d:\Lyi\BCSSA\Guide\dImage\c3.GIF --> mechatro2.me.berkeley.edu /usr/src/apache_1.2.6/htdocs/BCSSA/dImage c3.GIF
98.06.03 16:56 B d:\Lyi\BCSSA\Guide\dImage\car.GIF --> mechatro2.me.berkeley.edu /usr/src/apache_1.2.6/htdocs/BCSSA/dImage car.GIF
98.06.03 16:56 B d:\Lyi\BCSSA\Guide\dImage\car_.GIF --> mechatro2.me.berkeley.edu /usr/src/apache_1.2.6/htdocs/BCSSA/dImage car_.GIF
98.06.03 16:56 B d:\Lyi\BCSSA\Guide\dImage\Cbcssa.GIF --> mechatro2.me.berkeley.edu /usr/src/apache_1.2.6/htdocs/BCSSA/dImage Cbcssa.GIF
98.06.03 16:56 B d:\Lyi\BCSSA\Guide\dImage\Cbcssa_.GIF --> mechatro2.me.berkeley.edu /usr/src/apache_1.2.6/htdocs/BCSSA/dImage Cbcssa_.GIF
98.06.03 16:56 B d:\Lyi\BCSSA\Guide\dImage\childre1.gif --> mechatro2.me.berkeley.edu /usr/src/apache_1.2.6/htdocs/BCSSA/dImage childre1.gif
98.06.03 16:56 B d:\Lyi\BCSSA\Guide\dImage\children.gif --> mechatro2.me.berkeley.edu /usr/src/apache_1.2.6/htdocs/BCSSA/dImage children.gif
98.06.03 16:56 B d:\Lyi\BCSSA\Guide\dImage\clzd.gif --> mechatro2.me.berkeley.edu /usr/src/apache_1.2.6/htdocs/BCSSA/dImage clzd.gif
98.06.03 16:56 B d:\Lyi\BCSSA\Guide\dImage\clzd_.gif --> mechatro2.me.berkeley.edu /usr/src/apache_1.2.6/htdocs/BCSSA/dImage clzd_.gif
98.06.03 16:56 B d:\Lyi\BCSSA\Guide\dImage\cmz.gif --> mechatro2.me.berkeley.edu /usr/src/apache_1.2.6/htdocs/BCSSA/dImage cmz.gif
98.06.03 16:56 B d:\Lyi\BCSSA\Guide\dImage\cmz_.gif --> mechatro2.me.berkeley.edu /usr/src/apache_1.2.6/htdocs/BCSSA/dImage cmz_.gif
98.06.03 16:56 B d:\Lyi\BCSSA\Guide\dImage\credit.gif --> mechatro2.me.berkeley.edu /usr/src/apache_1.2.6/htdocs/BCSSA/dImage credit.gif
98.06.03 16:56 B d:\Lyi\BCSSA\Guide\dImage\credit_.gif --> mechatro2.me.berkeley.edu /usr/src/apache_1.2.6/htdocs/BCSSA/dImage credit_.gif
98.06.03 16:56 B d:\Lyi\BCSSA\Guide\dImage\cz.GIF --> mechatro2.me.berkeley.edu /usr/src/apache_1.2.6/htdocs/BCSSA/dImage cz.GIF
98.06.03 16:56 B d:\Lyi\BCSSA\Guide\dImage\cz_.GIF --> mechatro2.me.berkeley.edu /usr/src/apache_1.2.6/htdocs/BCSSA/dImage cz_.GIF
98.06.03 16:56 B d:\Lyi\BCSSA\Guide\dImage\dh.gif --> mechatro2.me.berkeley.edu /usr/src/apache_1.2.6/htdocs/BCSSA/dImage dh.gif
98.06.03 16:56 B d:\Lyi\BCSSA\Guide\dImage\dh_.gif --> mechatro2.me.berkeley.edu /usr/src/apache_1.2.6/htdocs/BCSSA/dImage dh_.gif
98.06.03 16:56 B d:\Lyi\BCSSA\Guide\dImage\dlxg.gif --> mechatro2.me.berkeley.edu /usr/src/apache_1.2.6/htdocs/BCSSA/dImage dlxg.gif
98.06.03 16:56 B d:\Lyi\BCSSA\Guide\dImage\dlxg_.gif --> mechatro2.me.berkeley.edu /usr/src/apache_1.2.6/htdocs/BCSSA/dImage dlxg_.gif
98.06.03 16:56 B d:\Lyi\BCSSA\Guide\dImage\Ebcssa.GIF --> mechatro2.me.berkeley.edu /usr/src/apache_1.2.6/htdocs/BCSSA/dImage Ebcssa.GIF
98.06.03 16:56 B d:\Lyi\BCSSA\Guide\dImage\Ebcssa_.GIF --> mechatro2.me.berkeley.edu /usr/src/apache_1.2.6/htdocs/BCSSA/dImage Ebcssa_.GIF
98.06.03 16:56 B d:\Lyi\BCSSA\Guide\dImage\email.GIF --> mechatro2.me.berkeley.edu /usr/src/apache_1.2.6/htdocs/BCSSA/dImage email.GIF
98.06.03 16:56 B d:\Lyi\BCSSA\Guide\dImage\email_.GIF --> mechatro2.me.berkeley.edu /usr/src/apache_1.2.6/htdocs/BCSSA/dImage email_.GIF
98.06.03 16:56 B d:\Lyi\BCSSA\Guide\dImage\faid.GIF --> mechatro2.me.berkeley.edu /usr/src/apache_1.2.6/htdocs/BCSSA/dImage faid.GIF
98.06.03 16:56 B d:\Lyi\BCSSA\Guide\dImage\faid_.GIF --> mechatro2.me.berkeley.edu /usr/src/apache_1.2.6/htdocs/BCSSA/dImage faid_.GIF
98.06.03 16:56 B d:\Lyi\BCSSA\Guide\dImage\fleeMkt.GIF --> mechatro2.me.berkeley.edu /usr/src/apache_1.2.6/htdocs/BCSSA/dImage fleeMkt.GIF
98.06.03 16:56 B d:\Lyi\BCSSA\Guide\dImage\fleeMkt_.GIF --> mechatro2.me.berkeley.edu /usr/src/apache_1.2.6/htdocs/BCSSA/dImage fleeMkt_.GIF
98.06.03 16:56 B d:\Lyi\BCSSA\Guide\dImage\fwxz.gif --> mechatro2.me.berkeley.edu /usr/src/apache_1.2.6/htdocs/BCSSA/dImage fwxz.gif
98.06.03 16:56 B d:\Lyi\BCSSA\Guide\dImage\fwxz_.gif --> mechatro2.me.berkeley.edu /usr/src/apache_1.2.6/htdocs/BCSSA/dImage fwxz_.gif
98.06.03 16:56 B d:\Lyi\BCSSA\Guide\dImage\fwzx.GIF --> mechatro2.me.berkeley.edu /usr/src/apache_1.2.6/htdocs/BCSSA/dImage fwzx.GIF
98.06.03 16:56 B d:\Lyi\BCSSA\Guide\dImage\fwzx_.GIF --> mechatro2.me.berkeley.edu /usr/src/apache_1.2.6/htdocs/BCSSA/dImage fwzx_.GIF
98.06.03 16:56 B d:\Lyi\BCSSA\Guide\dImage\gnxs.gif --> mechatro2.me.berkeley.edu /usr/src/apache_1.2.6/htdocs/BCSSA/dImage gnxs.gif
98.06.03 16:56 B d:\Lyi\BCSSA\Guide\dImage\gnxs_.gif --> mechatro2.me.berkeley.edu /usr/src/apache_1.2.6/htdocs/BCSSA/dImage gnxs_.gif
98.06.03 16:56 B d:\Lyi\BCSSA\Guide\dImage\groceries.GIF --> mechatro2.me.berkeley.edu /usr/src/apache_1.2.6/htdocs/BCSSA/dImage groceries.GIF
98.06.03 16:56 B d:\Lyi\BCSSA\Guide\dImage\groceries_.GIF --> mechatro2.me.berkeley.edu /usr/src/apache_1.2.6/htdocs/BCSSA/dImage groceries_.GIF
98.06.03 16:56 B d:\Lyi\BCSSA\Guide\dImage\guideTit.GIF --> mechatro2.me.berkeley.edu /usr/src/apache_1.2.6/htdocs/BCSSA/dImage guideTit.GIF
98.06.03 16:56 B d:\Lyi\BCSSA\Guide\dImage\haircut.GIF --> mechatro2.me.berkeley.edu /usr/src/apache_1.2.6/htdocs/BCSSA/dImage haircut.GIF
98.06.03 16:56 B d:\Lyi\BCSSA\Guide\dImage\haircut_.GIF --> mechatro2.me.berkeley.edu /usr/src/apache_1.2.6/htdocs/BCSSA/dImage haircut_.GIF
98.06.03 16:56 B d:\Lyi\BCSSA\Guide\dImage\hope.GIF --> mechatro2.me.berkeley.edu /usr/src/apache_1.2.6/htdocs/BCSSA/dImage hope.GIF
98.06.03 16:56 B d:\Lyi\BCSSA\Guide\dImage\HopeLogo.GIF --> mechatro2.me.berkeley.edu /usr/src/apache_1.2.6/htdocs/BCSSA/dImage HopeLogo.GIF
98.06.03 16:56 B d:\Lyi\BCSSA\Guide\dImage\hospita1.GIF --> mechatro2.me.berkeley.edu /usr/src/apache_1.2.6/htdocs/BCSSA/dImage hospita1.GIF
98.06.03 16:56 B d:\Lyi\BCSSA\Guide\dImage\hospital.GIF --> mechatro2.me.berkeley.edu /usr/src/apache_1.2.6/htdocs/BCSSA/dImage hospital.GIF
98.06.03 16:56 B d:\Lyi\BCSSA\Guide\dImage\housing.gif --> mechatro2.me.berkeley.edu /usr/src/apache_1.2.6/htdocs/BCSSA/dImage housing.gif
98.06.03 16:56 B d:\Lyi\BCSSA\Guide\dImage\housing_.gif --> mechatro2.me.berkeley.edu /usr/src/apache_1.2.6/htdocs/BCSSA/dImage housing_.gif
98.06.03 16:56 B d:\Lyi\BCSSA\Guide\dImage\Image14.gif --> mechatro2.me.berkeley.edu /usr/src/apache_1.2.6/htdocs/BCSSA/dImage Image14.gif
98.06.03 16:56 B d:\Lyi\BCSSA\Guide\dImage\intro.GIF --> mechatro2.me.berkeley.edu /usr/src/apache_1.2.6/htdocs/BCSSA/dImage intro.GIF
98.06.03 16:56 B d:\Lyi\BCSSA\Guide\dImage\jj.gif --> mechatro2.me.berkeley.edu /usr/src/apache_1.2.6/htdocs/BCSSA/dImage jj.gif
98.06.03 16:57 B d:\Lyi\BCSSA\Guide\dImage\jj_.gif --> mechatro2.me.berkeley.edu /usr/src/apache_1.2.6/htdocs/BCSSA/dImage jj_.gif
98.06.03 16:57 B d:\Lyi\BCSSA\Guide\dImage\jt.gif --> mechatro2.me.berkeley.edu /usr/src/apache_1.2.6/htdocs/BCSSA/dImage jt.gif
98.06.03 16:57 B d:\Lyi\BCSSA\Guide\dImage\jt_.gif --> mechatro2.me.berkeley.edu /usr/src/apache_1.2.6/htdocs/BCSSA/dImage jt_.gif
98.06.03 16:57 B d:\Lyi\BCSSA\Guide\dImage\kb.gif --> mechatro2.me.berkeley.edu /usr/src/apache_1.2.6/htdocs/BCSSA/dImage kb.gif
98.06.03 16:57 B d:\Lyi\BCSSA\Guide\dImage\kb_.gif --> mechatro2.me.berkeley.edu /usr/src/apache_1.2.6/htdocs/BCSSA/dImage kb_.gif
98.06.03 16:57 B d:\Lyi\BCSSA\Guide\dImage\lx.gif --> mechatro2.me.berkeley.edu /usr/src/apache_1.2.6/htdocs/BCSSA/dImage lx.gif
98.06.03 16:57 B d:\Lyi\BCSSA\Guide\dImage\lx_.gif --> mechatro2.me.berkeley.edu /usr/src/apache_1.2.6/htdocs/BCSSA/dImage lx_.gif
98.06.03 16:57 B d:\Lyi\BCSSA\Guide\dImage\lyi.gif --> mechatro2.me.berkeley.edu /usr/src/apache_1.2.6/htdocs/BCSSA/dImage lyi.gif
98.06.03 16:57 B d:\Lyi\BCSSA\Guide\dImage\lyi_.gif --> mechatro2.me.berkeley.edu /usr/src/apache_1.2.6/htdocs/BCSSA/dImage lyi_.gif
98.06.03 16:57 B d:\Lyi\BCSSA\Guide\dImage\medInsu1.GIF --> mechatro2.me.berkeley.edu /usr/src/apache_1.2.6/htdocs/BCSSA/dImage medInsu1.GIF
98.06.03 16:57 B d:\Lyi\BCSSA\Guide\dImage\medInsur.GIF --> mechatro2.me.berkeley.edu /usr/src/apache_1.2.6/htdocs/BCSSA/dImage medInsur.GIF
98.06.03 16:57 B d:\Lyi\BCSSA\Guide\dImage\nap.gif --> mechatro2.me.berkeley.edu /usr/src/apache_1.2.6/htdocs/BCSSA/dImage nap.gif
98.06.03 16:57 B d:\Lyi\BCSSA\Guide\dImage\nap_.gif --> mechatro2.me.berkeley.edu /usr/src/apache_1.2.6/htdocs/BCSSA/dImage nap_.gif
98.06.03 16:57 B d:\Lyi\BCSSA\Guide\dImage\news.GIF --> mechatro2.me.berkeley.edu /usr/src/apache_1.2.6/htdocs/BCSSA/dImage news.GIF
98.06.03 16:57 B d:\Lyi\BCSSA\Guide\dImage\news1.GIF --> mechatro2.me.berkeley.edu /usr/src/apache_1.2.6/htdocs/BCSSA/dImage news1.GIF
98.06.03 16:57 B d:\Lyi\BCSSA\Guide\dImage\news_.GIF --> mechatro2.me.berkeley.edu /usr/src/apache_1.2.6/htdocs/BCSSA/dImage news_.GIF
98.06.03 16:57 B d:\Lyi\BCSSA\Guide\dImage\pbsrz.gif --> mechatro2.me.berkeley.edu /usr/src/apache_1.2.6/htdocs/BCSSA/dImage pbsrz.gif
98.06.03 16:57 B d:\Lyi\BCSSA\Guide\dImage\pbsrz_.gif --> mechatro2.me.berkeley.edu /usr/src/apache_1.2.6/htdocs/BCSSA/dImage pbsrz_.gif
98.06.03 16:57 B d:\Lyi\BCSSA\Guide\dImage\pressure.GIF --> mechatro2.me.berkeley.edu /usr/src/apache_1.2.6/htdocs/BCSSA/dImage pressure.GIF
98.06.03 16:57 B d:\Lyi\BCSSA\Guide\dImage\pressure_.GIF --> mechatro2.me.berkeley.edu /usr/src/apache_1.2.6/htdocs/BCSSA/dImage pressure_.GIF
98.06.03 16:57 B d:\Lyi\BCSSA\Guide\dImage\pubTrans.GIF --> mechatro2.me.berkeley.edu /usr/src/apache_1.2.6/htdocs/BCSSA/dImage pubTrans.GIF
98.06.03 16:57 B d:\Lyi\BCSSA\Guide\dImage\pubTrans_.GIF --> mechatro2.me.berkeley.edu /usr/src/apache_1.2.6/htdocs/BCSSA/dImage pubTrans_.GIF
98.06.03 16:57 B d:\Lyi\BCSSA\Guide\dImage\rcsh.gif --> mechatro2.me.berkeley.edu /usr/src/apache_1.2.6/htdocs/BCSSA/dImage rcsh.gif
98.06.03 16:57 B d:\Lyi\BCSSA\Guide\dImage\rcsh_.gif --> mechatro2.me.berkeley.edu /usr/src/apache_1.2.6/htdocs/BCSSA/dImage rcsh_.gif
98.06.03 16:57 B d:\Lyi\BCSSA\Guide\dImage\rxss.GIF --> mechatro2.me.berkeley.edu /usr/src/apache_1.2.6/htdocs/BCSSA/dImage rxss.GIF
98.06.03 16:57 B d:\Lyi\BCSSA\Guide\dImage\rxss_.GIF --> mechatro2.me.berkeley.edu /usr/src/apache_1.2.6/htdocs/BCSSA/dImage rxss_.GIF
98.06.03 16:57 B d:\Lyi\BCSSA\Guide\dImage\shopping.gif --> mechatro2.me.berkeley.edu /usr/src/apache_1.2.6/htdocs/BCSSA/dImage shopping.gif
98.06.03 16:57 B d:\Lyi\BCSSA\Guide\dImage\shopping_.gif --> mechatro2.me.berkeley.edu /usr/src/apache_1.2.6/htdocs/BCSSA/dImage shopping_.gif
98.06.03 16:57 B d:\Lyi\BCSSA\Guide\dImage\shzn.gif --> mechatro2.me.berkeley.edu /usr/src/apache_1.2.6/htdocs/BCSSA/dImage shzn.gif
98.06.03 16:57 B d:\Lyi\BCSSA\Guide\dImage\shzn_.gif --> mechatro2.me.berkeley.edu /usr/src/apache_1.2.6/htdocs/BCSSA/dImage shzn_.gif
98.06.03 16:57 B d:\Lyi\BCSSA\Guide\dImage\star.gif --> mechatro2.me.berkeley.edu /usr/src/apache_1.2.6/htdocs/BCSSA/dImage star.gif
98.06.03 16:57 B d:\Lyi\BCSSA\Guide\dImage\T9.gif --> mechatro2.me.berkeley.edu /usr/src/apache_1.2.6/htdocs/BCSSA/dImage T9.gif
98.06.03 16:57 B d:\Lyi\BCSSA\Guide\dImage\tax.GIF --> mechatro2.me.berkeley.edu /usr/src/apache_1.2.6/htdocs/BCSSA/dImage tax.GIF
98.06.03 16:57 B d:\Lyi\BCSSA\Guide\dImage\tax_.GIF --> mechatro2.me.berkeley.edu /usr/src/apache_1.2.6/htdocs/BCSSA/dImage tax_.GIF
98.06.03 16:57 B d:\Lyi\BCSSA\Guide\dImage\team.GIF --> mechatro2.me.berkeley.edu /usr/src/apache_1.2.6/htdocs/BCSSA/dImage team.GIF
98.06.03 16:57 B d:\Lyi\BCSSA\Guide\dImage\team_.GIF --> mechatro2.me.berkeley.edu /usr/src/apache_1.2.6/htdocs/BCSSA/dImage team_.GIF
98.06.03 16:57 B d:\Lyi\BCSSA\Guide\dImage\tqjs.gif --> mechatro2.me.berkeley.edu /usr/src/apache_1.2.6/htdocs/BCSSA/dImage tqjs.gif
98.06.03 16:57 B d:\Lyi\BCSSA\Guide\dImage\tqjs_.gif --> mechatro2.me.berkeley.edu /usr/src/apache_1.2.6/htdocs/BCSSA/dImage tqjs_.gif
98.06.03 16:57 B d:\Lyi\BCSSA\Guide\dImage\travelAgent.GIF --> mechatro2.me.berkeley.edu /usr/src/apache_1.2.6/htdocs/BCSSA/dImage travelAgent.GIF
98.06.03 16:57 B d:\Lyi\BCSSA\Guide\dImage\travelAgent_.GIF --> mechatro2.me.berkeley.edu /usr/src/apache_1.2.6/htdocs/BCSSA/dImage travelAgent_.GIF
98.06.03 16:57 B d:\Lyi\BCSSA\Guide\dImage\tx.gif --> mechatro2.me.berkeley.edu /usr/src/apache_1.2.6/htdocs/BCSSA/dImage tx.gif
98.06.03 16:57 B d:\Lyi\BCSSA\Guide\dImage\tx_.gif --> mechatro2.me.berkeley.edu /usr/src/apache_1.2.6/htdocs/BCSSA/dImage tx_.gif
98.06.03 16:57 B d:\Lyi\BCSSA\Guide\dImage\txl.gif --> mechatro2.me.berkeley.edu /usr/src/apache_1.2.6/htdocs/BCSSA/dImage txl.gif
98.06.03 16:57 B d:\Lyi\BCSSA\Guide\dImage\txl_.gif --> mechatro2.me.berkeley.edu /usr/src/apache_1.2.6/htdocs/BCSSA/dImage txl_.gif
98.06.03 16:57 B d:\Lyi\BCSSA\Guide\dImage\txlbjz.gif --> mechatro2.me.berkeley.edu /usr/src/apache_1.2.6/htdocs/BCSSA/dImage txlbjz.gif
98.06.03 16:57 B d:\Lyi\BCSSA\Guide\dImage\txlbjz_.gif --> mechatro2.me.berkeley.edu /usr/src/apache_1.2.6/htdocs/BCSSA/dImage txlbjz_.gif
98.06.03 16:57 B d:\Lyi\BCSSA\Guide\dImage\usingLaw.GIF --> mechatro2.me.berkeley.edu /usr/src/apache_1.2.6/htdocs/BCSSA/dImage usingLaw.GIF
98.06.03 16:57 B d:\Lyi\BCSSA\Guide\dImage\usingLaw_.GIF --> mechatro2.me.berkeley.edu /usr/src/apache_1.2.6/htdocs/BCSSA/dImage usingLaw_.GIF
98.06.03 16:57 B d:\Lyi\BCSSA\Guide\dImage\wlbbcz.gif --> mechatro2.me.berkeley.edu /usr/src/apache_1.2.6/htdocs/BCSSA/dImage wlbbcz.gif
98.06.03 16:57 B d:\Lyi\BCSSA\Guide\dImage\wlbbcz_.gif --> mechatro2.me.berkeley.edu /usr/src/apache_1.2.6/htdocs/BCSSA/dImage wlbbcz_.gif
98.06.03 16:57 B d:\Lyi\BCSSA\Guide\dImage\work.GIF --> mechatro2.me.berkeley.edu /usr/src/apache_1.2.6/htdocs/BCSSA/dImage work.GIF
98.06.03 16:57 B d:\Lyi\BCSSA\Guide\dImage\work_.GIF --> mechatro2.me.berkeley.edu /usr/src/apache_1.2.6/htdocs/BCSSA/dImage work_.GIF
