99.12.12 13:56 A H:\ibaraki\Homepage_MSC\resources\latex_resources\latex\minitoc\minitoc.sty <-- mechatro2 /home1/www/htdocs/resources/latex_resources/latex/minitoc minitoc.sty
99.12.12 13:56 A H:\ibaraki\Homepage_MSC\resources\latex_resources\latex\minitoc\mtcoff.sty <-- mechatro2 /home1/www/htdocs/resources/latex_resources/latex/minitoc mtcoff.sty
99.12.12 13:56 A H:\ibaraki\Homepage_MSC\resources\latex_resources\latex\minitoc\russianb.mld <-- mechatro2 /home1/www/htdocs/resources/latex_resources/latex/minitoc russianb.mld
99.12.12 13:56 A H:\ibaraki\Homepage_MSC\resources\latex_resources\latex\minitoc\magyar.mld <-- mechatro2 /home1/www/htdocs/resources/latex_resources/latex/minitoc magyar.mld
99.12.12 13:56 A H:\ibaraki\Homepage_MSC\resources\latex_resources\latex\minitoc\arab.mld <-- mechatro2 /home1/www/htdocs/resources/latex_resources/latex/minitoc arab.mld
99.12.12 13:56 A H:\ibaraki\Homepage_MSC\resources\latex_resources\latex\minitoc\germanb.mld <-- mechatro2 /home1/www/htdocs/resources/latex_resources/latex/minitoc germanb.mld
99.12.12 13:56 A H:\ibaraki\Homepage_MSC\resources\latex_resources\latex\minitoc\nynorsk.mld <-- mechatro2 /home1/www/htdocs/resources/latex_resources/latex/minitoc nynorsk.mld
99.12.12 13:56 A H:\ibaraki\Homepage_MSC\resources\latex_resources\latex\minitoc\norsk.mld <-- mechatro2 /home1/www/htdocs/resources/latex_resources/latex/minitoc norsk.mld
99.12.12 13:56 A H:\ibaraki\Homepage_MSC\resources\latex_resources\latex\minitoc\finnish.mld <-- mechatro2 /home1/www/htdocs/resources/latex_resources/latex/minitoc finnish.mld
99.12.12 13:56 A H:\ibaraki\Homepage_MSC\resources\latex_resources\latex\minitoc\russian.mld <-- mechatro2 /home1/www/htdocs/resources/latex_resources/latex/minitoc russian.mld
99.12.12 13:56 A H:\ibaraki\Homepage_MSC\resources\latex_resources\latex\minitoc\vietnam.mld <-- mechatro2 /home1/www/htdocs/resources/latex_resources/latex/minitoc vietnam.mld
99.12.12 13:56 A H:\ibaraki\Homepage_MSC\resources\latex_resources\latex\minitoc\turkish.mld <-- mechatro2 /home1/www/htdocs/resources/latex_resources/latex/minitoc turkish.mld
99.12.12 13:56 A H:\ibaraki\Homepage_MSC\resources\latex_resources\latex\minitoc\galician.mld <-- mechatro2 /home1/www/htdocs/resources/latex_resources/latex/minitoc galician.mld
99.12.12 13:56 A H:\ibaraki\Homepage_MSC\resources\latex_resources\latex\minitoc\spanish.mld <-- mechatro2 /home1/www/htdocs/resources/latex_resources/latex/minitoc spanish.mld
99.12.12 13:56 A H:\ibaraki\Homepage_MSC\resources\latex_resources\latex\minitoc\breton.mld <-- mechatro2 /home1/www/htdocs/resources/latex_resources/latex/minitoc breton.mld
99.12.12 13:56 A H:\ibaraki\Homepage_MSC\resources\latex_resources\latex\minitoc\italian.mld <-- mechatro2 /home1/www/htdocs/resources/latex_resources/latex/minitoc italian.mld
99.12.12 13:56 A H:\ibaraki\Homepage_MSC\resources\latex_resources\latex\minitoc\dutch.mld <-- mechatro2 /home1/www/htdocs/resources/latex_resources/latex/minitoc dutch.mld
99.12.12 13:56 A H:\ibaraki\Homepage_MSC\resources\latex_resources\latex\minitoc\czech.mld <-- mechatro2 /home1/www/htdocs/resources/latex_resources/latex/minitoc czech.mld
99.12.12 13:56 A H:\ibaraki\Homepage_MSC\resources\latex_resources\latex\minitoc\romanian.mld <-- mechatro2 /home1/www/htdocs/resources/latex_resources/latex/minitoc romanian.mld
99.12.12 13:56 A H:\ibaraki\Homepage_MSC\resources\latex_resources\latex\minitoc\swedish.mld <-- mechatro2 /home1/www/htdocs/resources/latex_resources/latex/minitoc swedish.mld
99.12.12 13:56 A H:\ibaraki\Homepage_MSC\resources\latex_resources\latex\minitoc\greek.mld <-- mechatro2 /home1/www/htdocs/resources/latex_resources/latex/minitoc greek.mld
99.12.12 13:56 A H:\ibaraki\Homepage_MSC\resources\latex_resources\latex\minitoc\portuges.mld <-- mechatro2 /home1/www/htdocs/resources/latex_resources/latex/minitoc portuges.mld
99.12.12 13:56 A H:\ibaraki\Homepage_MSC\resources\latex_resources\latex\minitoc\irish.mld <-- mechatro2 /home1/www/htdocs/resources/latex_resources/latex/minitoc irish.mld
99.12.12 13:56 A H:\ibaraki\Homepage_MSC\resources\latex_resources\latex\minitoc\lsorbian.mld <-- mechatro2 /home1/www/htdocs/resources/latex_resources/latex/minitoc lsorbian.mld
99.12.12 13:56 A H:\ibaraki\Homepage_MSC\resources\latex_resources\latex\minitoc\esperant.mld <-- mechatro2 /home1/www/htdocs/resources/latex_resources/latex/minitoc esperant.mld
99.12.12 13:56 A H:\ibaraki\Homepage_MSC\resources\latex_resources\latex\minitoc\slovak.mld <-- mechatro2 /home1/www/htdocs/resources/latex_resources/latex/minitoc slovak.mld
99.12.12 13:56 A H:\ibaraki\Homepage_MSC\resources\latex_resources\latex\minitoc\polish.mld <-- mechatro2 /home1/www/htdocs/resources/latex_resources/latex/minitoc polish.mld
99.12.12 13:56 A H:\ibaraki\Homepage_MSC\resources\latex_resources\latex\minitoc\scottish.mld <-- mechatro2 /home1/www/htdocs/resources/latex_resources/latex/minitoc scottish.mld
99.12.12 13:56 A H:\ibaraki\Homepage_MSC\resources\latex_resources\latex\minitoc\danish.mld <-- mechatro2 /home1/www/htdocs/resources/latex_resources/latex/minitoc danish.mld
99.12.12 13:56 A H:\ibaraki\Homepage_MSC\resources\latex_resources\latex\minitoc\bahasa.mld <-- mechatro2 /home1/www/htdocs/resources/latex_resources/latex/minitoc bahasa.mld
99.12.12 13:56 A H:\ibaraki\Homepage_MSC\resources\latex_resources\latex\minitoc\usorbian.mld <-- mechatro2 /home1/www/htdocs/resources/latex_resources/latex/minitoc usorbian.mld
99.12.12 13:56 A H:\ibaraki\Homepage_MSC\resources\latex_resources\latex\minitoc\french.mld <-- mechatro2 /home1/www/htdocs/resources/latex_resources/latex/minitoc french.mld
99.12.12 13:56 A H:\ibaraki\Homepage_MSC\resources\latex_resources\latex\minitoc\catalan.mld <-- mechatro2 /home1/www/htdocs/resources/latex_resources/latex/minitoc catalan.mld
99.12.12 13:57 A H:\ibaraki\Homepage_MSC\resources\latex_resources\latex\minitoc\english.mld <-- mechatro2 /home1/www/htdocs/resources/latex_resources/latex/minitoc english.mld
99.12.12 13:57 A H:\ibaraki\Homepage_MSC\resources\latex_resources\latex\minitoc\german.mld <-- mechatro2 /home1/www/htdocs/resources/latex_resources/latex/minitoc german.mld
99.12.12 13:57 A H:\ibaraki\Homepage_MSC\resources\latex_resources\latex\minitoc\croatian.mld <-- mechatro2 /home1/www/htdocs/resources/latex_resources/latex/minitoc croatian.mld
99.12.12 13:57 A H:\ibaraki\Homepage_MSC\resources\latex_resources\latex\minitoc\estonian.mld <-- mechatro2 /home1/www/htdocs/resources/latex_resources/latex/minitoc estonian.mld
99.12.12 13:57 A H:\ibaraki\Homepage_MSC\resources\latex_resources\latex\minitoc\slovene.mld <-- mechatro2 /home1/www/htdocs/resources/latex_resources/latex/minitoc slovene.mld
