99.12.12 13:55 A H:\ibaraki\Homepage_MSC\resources\latex_resources\latex\cyrillic\x2enc.def <-- mechatro2 /home1/www/htdocs/resources/latex_resources/latex/cyrillic x2enc.def
99.12.12 13:55 A H:\ibaraki\Homepage_MSC\resources\latex_resources\latex\cyrillic\t2cenc.def <-- mechatro2 /home1/www/htdocs/resources/latex_resources/latex/cyrillic t2cenc.def
99.12.12 13:55 A H:\ibaraki\Homepage_MSC\resources\latex_resources\latex\cyrillic\t2benc.def <-- mechatro2 /home1/www/htdocs/resources/latex_resources/latex/cyrillic t2benc.def
99.12.12 13:55 A H:\ibaraki\Homepage_MSC\resources\latex_resources\latex\cyrillic\t2aenc.def <-- mechatro2 /home1/www/htdocs/resources/latex_resources/latex/cyrillic t2aenc.def
99.12.12 13:55 A H:\ibaraki\Homepage_MSC\resources\latex_resources\latex\cyrillic\cp1251.def <-- mechatro2 /home1/www/htdocs/resources/latex_resources/latex/cyrillic cp1251.def
99.12.12 13:55 A H:\ibaraki\Homepage_MSC\resources\latex_resources\latex\cyrillic\maccyr.def <-- mechatro2 /home1/www/htdocs/resources/latex_resources/latex/cyrillic maccyr.def
99.12.12 13:55 A H:\ibaraki\Homepage_MSC\resources\latex_resources\latex\cyrillic\macukr.def <-- mechatro2 /home1/www/htdocs/resources/latex_resources/latex/cyrillic macukr.def
99.12.12 13:55 A H:\ibaraki\Homepage_MSC\resources\latex_resources\latex\cyrillic\mls.def <-- mechatro2 /home1/www/htdocs/resources/latex_resources/latex/cyrillic mls.def
99.12.12 13:55 A H:\ibaraki\Homepage_MSC\resources\latex_resources\latex\cyrillic\cp855.def <-- mechatro2 /home1/www/htdocs/resources/latex_resources/latex/cyrillic cp855.def
99.12.12 13:55 A H:\ibaraki\Homepage_MSC\resources\latex_resources\latex\cyrillic\isoir111.def <-- mechatro2 /home1/www/htdocs/resources/latex_resources/latex/cyrillic isoir111.def
99.12.12 13:55 A H:\ibaraki\Homepage_MSC\resources\latex_resources\latex\cyrillic\iso88595.def <-- mechatro2 /home1/www/htdocs/resources/latex_resources/latex/cyrillic iso88595.def
99.12.12 13:55 A H:\ibaraki\Homepage_MSC\resources\latex_resources\latex\cyrillic\koi8-ru.def <-- mechatro2 /home1/www/htdocs/resources/latex_resources/latex/cyrillic koi8-ru.def
99.12.12 13:55 A H:\ibaraki\Homepage_MSC\resources\latex_resources\latex\cyrillic\cp866mav.def <-- mechatro2 /home1/www/htdocs/resources/latex_resources/latex/cyrillic cp866mav.def
99.12.12 13:55 A H:\ibaraki\Homepage_MSC\resources\latex_resources\latex\cyrillic\cp866.def <-- mechatro2 /home1/www/htdocs/resources/latex_resources/latex/cyrillic cp866.def
99.12.12 13:55 A H:\ibaraki\Homepage_MSC\resources\latex_resources\latex\cyrillic\koi8-r.def <-- mechatro2 /home1/www/htdocs/resources/latex_resources/latex/cyrillic koi8-r.def
99.12.12 13:55 A H:\ibaraki\Homepage_MSC\resources\latex_resources\latex\cyrillic\cp866tat.def <-- mechatro2 /home1/www/htdocs/resources/latex_resources/latex/cyrillic cp866tat.def
99.12.12 13:55 A H:\ibaraki\Homepage_MSC\resources\latex_resources\latex\cyrillic\cp866nav.def <-- mechatro2 /home1/www/htdocs/resources/latex_resources/latex/cyrillic cp866nav.def
99.12.12 13:55 A H:\ibaraki\Homepage_MSC\resources\latex_resources\latex\cyrillic\cp866av.def <-- mechatro2 /home1/www/htdocs/resources/latex_resources/latex/cyrillic cp866av.def
99.12.12 13:55 A H:\ibaraki\Homepage_MSC\resources\latex_resources\latex\cyrillic\koi8-u.def <-- mechatro2 /home1/www/htdocs/resources/latex_resources/latex/cyrillic koi8-u.def
99.12.12 13:55 A H:\ibaraki\Homepage_MSC\resources\latex_resources\latex\cyrillic\ctt.def <-- mechatro2 /home1/www/htdocs/resources/latex_resources/latex/cyrillic ctt.def
99.12.12 13:55 A H:\ibaraki\Homepage_MSC\resources\latex_resources\latex\cyrillic\ncc.def <-- mechatro2 /home1/www/htdocs/resources/latex_resources/latex/cyrillic ncc.def
99.12.12 13:55 A H:\ibaraki\Homepage_MSC\resources\latex_resources\latex\cyrillic\mos.def <-- mechatro2 /home1/www/htdocs/resources/latex_resources/latex/cyrillic mos.def
99.12.12 13:55 A H:\ibaraki\Homepage_MSC\resources\latex_resources\latex\cyrillic\mnk.def <-- mechatro2 /home1/www/htdocs/resources/latex_resources/latex/cyrillic mnk.def
99.12.12 13:55 A H:\ibaraki\Homepage_MSC\resources\latex_resources\latex\cyrillic\dbk.def <-- mechatro2 /home1/www/htdocs/resources/latex_resources/latex/cyrillic dbk.def
99.12.12 13:55 A H:\ibaraki\Homepage_MSC\resources\latex_resources\latex\cyrillic\t2clcmss.fd <-- mechatro2 /home1/www/htdocs/resources/latex_resources/latex/cyrillic t2clcmss.fd
99.12.12 13:55 A H:\ibaraki\Homepage_MSC\resources\latex_resources\latex\cyrillic\t2blcmss.fd <-- mechatro2 /home1/www/htdocs/resources/latex_resources/latex/cyrillic t2blcmss.fd
99.12.12 13:55 A H:\ibaraki\Homepage_MSC\resources\latex_resources\latex\cyrillic\t2alcmss.fd <-- mechatro2 /home1/www/htdocs/resources/latex_resources/latex/cyrillic t2alcmss.fd
99.12.12 13:55 A H:\ibaraki\Homepage_MSC\resources\latex_resources\latex\cyrillic\x2lcmss.fd <-- mechatro2 /home1/www/htdocs/resources/latex_resources/latex/cyrillic x2lcmss.fd
99.12.12 13:55 A H:\ibaraki\Homepage_MSC\resources\latex_resources\latex\cyrillic\t2ccmr.fd <-- mechatro2 /home1/www/htdocs/resources/latex_resources/latex/cyrillic t2ccmr.fd
99.12.12 13:55 A H:\ibaraki\Homepage_MSC\resources\latex_resources\latex\cyrillic\t2bcmr.fd <-- mechatro2 /home1/www/htdocs/resources/latex_resources/latex/cyrillic t2bcmr.fd
99.12.12 13:55 A H:\ibaraki\Homepage_MSC\resources\latex_resources\latex\cyrillic\t2acmr.fd <-- mechatro2 /home1/www/htdocs/resources/latex_resources/latex/cyrillic t2acmr.fd
99.12.12 13:55 A H:\ibaraki\Homepage_MSC\resources\latex_resources\latex\cyrillic\x2cmr.fd <-- mechatro2 /home1/www/htdocs/resources/latex_resources/latex/cyrillic x2cmr.fd
99.12.12 13:55 A H:\ibaraki\Homepage_MSC\resources\latex_resources\latex\cyrillic\t2ccmtt.fd <-- mechatro2 /home1/www/htdocs/resources/latex_resources/latex/cyrillic t2ccmtt.fd
99.12.12 13:55 A H:\ibaraki\Homepage_MSC\resources\latex_resources\latex\cyrillic\t2bcmtt.fd <-- mechatro2 /home1/www/htdocs/resources/latex_resources/latex/cyrillic t2bcmtt.fd
99.12.12 13:55 A H:\ibaraki\Homepage_MSC\resources\latex_resources\latex\cyrillic\t2acmtt.fd <-- mechatro2 /home1/www/htdocs/resources/latex_resources/latex/cyrillic t2acmtt.fd
99.12.12 13:55 A H:\ibaraki\Homepage_MSC\resources\latex_resources\latex\cyrillic\x2cmtt.fd <-- mechatro2 /home1/www/htdocs/resources/latex_resources/latex/cyrillic x2cmtt.fd
99.12.12 13:55 A H:\ibaraki\Homepage_MSC\resources\latex_resources\latex\cyrillic\t2ccmss.fd <-- mechatro2 /home1/www/htdocs/resources/latex_resources/latex/cyrillic t2ccmss.fd
99.12.12 13:55 A H:\ibaraki\Homepage_MSC\resources\latex_resources\latex\cyrillic\t2bcmss.fd <-- mechatro2 /home1/www/htdocs/resources/latex_resources/latex/cyrillic t2bcmss.fd
99.12.12 13:55 A H:\ibaraki\Homepage_MSC\resources\latex_resources\latex\cyrillic\t2acmss.fd <-- mechatro2 /home1/www/htdocs/resources/latex_resources/latex/cyrillic t2acmss.fd
99.12.12 13:55 A H:\ibaraki\Homepage_MSC\resources\latex_resources\latex\cyrillic\x2cmss.fd <-- mechatro2 /home1/www/htdocs/resources/latex_resources/latex/cyrillic x2cmss.fd
99.12.12 13:55 A H:\ibaraki\Homepage_MSC\resources\latex_resources\latex\cyrillic\t2clcmtt.fd <-- mechatro2 /home1/www/htdocs/resources/latex_resources/latex/cyrillic t2clcmtt.fd
99.12.12 13:55 A H:\ibaraki\Homepage_MSC\resources\latex_resources\latex\cyrillic\t2blcmtt.fd <-- mechatro2 /home1/www/htdocs/resources/latex_resources/latex/cyrillic t2blcmtt.fd
99.12.12 13:55 A H:\ibaraki\Homepage_MSC\resources\latex_resources\latex\cyrillic\t2alcmtt.fd <-- mechatro2 /home1/www/htdocs/resources/latex_resources/latex/cyrillic t2alcmtt.fd
99.12.12 13:55 A H:\ibaraki\Homepage_MSC\resources\latex_resources\latex\cyrillic\x2lcmtt.fd <-- mechatro2 /home1/www/htdocs/resources/latex_resources/latex/cyrillic x2lcmtt.fd
99.12.12 13:55 A H:\ibaraki\Homepage_MSC\resources\latex_resources\latex\cyrillic\t2ccmvtt.fd <-- mechatro2 /home1/www/htdocs/resources/latex_resources/latex/cyrillic t2ccmvtt.fd
99.12.12 13:55 A H:\ibaraki\Homepage_MSC\resources\latex_resources\latex\cyrillic\t2bcmvtt.fd <-- mechatro2 /home1/www/htdocs/resources/latex_resources/latex/cyrillic t2bcmvtt.fd
99.12.12 13:55 A H:\ibaraki\Homepage_MSC\resources\latex_resources\latex\cyrillic\t2acmvtt.fd <-- mechatro2 /home1/www/htdocs/resources/latex_resources/latex/cyrillic t2acmvtt.fd
99.12.12 13:55 A H:\ibaraki\Homepage_MSC\resources\latex_resources\latex\cyrillic\x2cmvtt.fd <-- mechatro2 /home1/www/htdocs/resources/latex_resources/latex/cyrillic x2cmvtt.fd
99.12.12 13:55 A H:\ibaraki\Homepage_MSC\resources\latex_resources\latex\cyrillic\t2ccmfib.fd <-- mechatro2 /home1/www/htdocs/resources/latex_resources/latex/cyrillic t2ccmfib.fd
99.12.12 13:55 A H:\ibaraki\Homepage_MSC\resources\latex_resources\latex\cyrillic\t2bcmfib.fd <-- mechatro2 /home1/www/htdocs/resources/latex_resources/latex/cyrillic t2bcmfib.fd
99.12.12 13:55 A H:\ibaraki\Homepage_MSC\resources\latex_resources\latex\cyrillic\t2acmfib.fd <-- mechatro2 /home1/www/htdocs/resources/latex_resources/latex/cyrillic t2acmfib.fd
99.12.12 13:55 A H:\ibaraki\Homepage_MSC\resources\latex_resources\latex\cyrillic\x2cmfib.fd <-- mechatro2 /home1/www/htdocs/resources/latex_resources/latex/cyrillic x2cmfib.fd
99.12.12 13:55 A H:\ibaraki\Homepage_MSC\resources\latex_resources\latex\cyrillic\t2ccmfr.fd <-- mechatro2 /home1/www/htdocs/resources/latex_resources/latex/cyrillic t2ccmfr.fd
99.12.12 13:55 A H:\ibaraki\Homepage_MSC\resources\latex_resources\latex\cyrillic\t2bcmfr.fd <-- mechatro2 /home1/www/htdocs/resources/latex_resources/latex/cyrillic t2bcmfr.fd
99.12.12 13:55 A H:\ibaraki\Homepage_MSC\resources\latex_resources\latex\cyrillic\t2acmfr.fd <-- mechatro2 /home1/www/htdocs/resources/latex_resources/latex/cyrillic t2acmfr.fd
99.12.12 13:55 A H:\ibaraki\Homepage_MSC\resources\latex_resources\latex\cyrillic\x2cmfr.fd <-- mechatro2 /home1/www/htdocs/resources/latex_resources/latex/cyrillic x2cmfr.fd
99.12.12 13:55 A H:\ibaraki\Homepage_MSC\resources\latex_resources\latex\cyrillic\t2ccmdh.fd <-- mechatro2 /home1/www/htdocs/resources/latex_resources/latex/cyrillic t2ccmdh.fd
99.12.12 13:55 A H:\ibaraki\Homepage_MSC\resources\latex_resources\latex\cyrillic\t2bcmdh.fd <-- mechatro2 /home1/www/htdocs/resources/latex_resources/latex/cyrillic t2bcmdh.fd
99.12.12 13:55 A H:\ibaraki\Homepage_MSC\resources\latex_resources\latex\cyrillic\t2acmdh.fd <-- mechatro2 /home1/www/htdocs/resources/latex_resources/latex/cyrillic t2acmdh.fd
99.12.12 13:55 A H:\ibaraki\Homepage_MSC\resources\latex_resources\latex\cyrillic\x2cmdh.fd <-- mechatro2 /home1/www/htdocs/resources/latex_resources/latex/cyrillic x2cmdh.fd
