99.12.12 13:57 A H:\ibaraki\Homepage_MSC\resources\latex_resources\latex\psnfss\8r.sty <-- mechatro2 /home1/www/htdocs/resources/latex_resources/latex/psnfss 8r.sty
99.12.12 13:57 A H:\ibaraki\Homepage_MSC\resources\latex_resources\latex\psnfss\palatcm.sty <-- mechatro2 /home1/www/htdocs/resources/latex_resources/latex/psnfss palatcm.sty
99.12.12 13:57 A H:\ibaraki\Homepage_MSC\resources\latex_resources\latex\psnfss\pifont.sty <-- mechatro2 /home1/www/htdocs/resources/latex_resources/latex/psnfss pifont.sty
99.12.12 13:57 A H:\ibaraki\Homepage_MSC\resources\latex_resources\latex\psnfss\ot1phv.fd <-- mechatro2 /home1/www/htdocs/resources/latex_resources/latex/psnfss ot1phv.fd
99.12.12 13:57 A H:\ibaraki\Homepage_MSC\resources\latex_resources\latex\psnfss\ot1pbk.fd <-- mechatro2 /home1/www/htdocs/resources/latex_resources/latex/psnfss ot1pbk.fd
99.12.12 13:57 A H:\ibaraki\Homepage_MSC\resources\latex_resources\latex\psnfss\t1phv.fd <-- mechatro2 /home1/www/htdocs/resources/latex_resources/latex/psnfss t1phv.fd
99.12.12 13:57 A H:\ibaraki\Homepage_MSC\resources\latex_resources\latex\psnfss\t1pbk.fd <-- mechatro2 /home1/www/htdocs/resources/latex_resources/latex/psnfss t1pbk.fd
99.12.12 13:57 A H:\ibaraki\Homepage_MSC\resources\latex_resources\latex\psnfss\ot1pag.fd <-- mechatro2 /home1/www/htdocs/resources/latex_resources/latex/psnfss ot1pag.fd
99.12.12 13:57 A H:\ibaraki\Homepage_MSC\resources\latex_resources\latex\psnfss\ot1bch.fd <-- mechatro2 /home1/www/htdocs/resources/latex_resources/latex/psnfss ot1bch.fd
99.12.12 13:57 A H:\ibaraki\Homepage_MSC\resources\latex_resources\latex\psnfss\ot1put.fd <-- mechatro2 /home1/www/htdocs/resources/latex_resources/latex/psnfss ot1put.fd
99.12.12 13:57 A H:\ibaraki\Homepage_MSC\resources\latex_resources\latex\psnfss\t1pag.fd <-- mechatro2 /home1/www/htdocs/resources/latex_resources/latex/psnfss t1pag.fd
99.12.12 13:57 A H:\ibaraki\Homepage_MSC\resources\latex_resources\latex\psnfss\t1bch.fd <-- mechatro2 /home1/www/htdocs/resources/latex_resources/latex/psnfss t1bch.fd
99.12.12 13:57 A H:\ibaraki\Homepage_MSC\resources\latex_resources\latex\psnfss\t1put.fd <-- mechatro2 /home1/www/htdocs/resources/latex_resources/latex/psnfss t1put.fd
99.12.12 13:57 A H:\ibaraki\Homepage_MSC\resources\latex_resources\latex\psnfss\ts1phv.fd <-- mechatro2 /home1/www/htdocs/resources/latex_resources/latex/psnfss ts1phv.fd
99.12.12 13:57 A H:\ibaraki\Homepage_MSC\resources\latex_resources\latex\psnfss\ts1pbk.fd <-- mechatro2 /home1/www/htdocs/resources/latex_resources/latex/psnfss ts1pbk.fd
99.12.12 13:57 A H:\ibaraki\Homepage_MSC\resources\latex_resources\latex\psnfss\8rphv.fd <-- mechatro2 /home1/www/htdocs/resources/latex_resources/latex/psnfss 8rphv.fd
99.12.12 13:57 A H:\ibaraki\Homepage_MSC\resources\latex_resources\latex\psnfss\8rpbk.fd <-- mechatro2 /home1/www/htdocs/resources/latex_resources/latex/psnfss 8rpbk.fd
99.12.12 13:57 A H:\ibaraki\Homepage_MSC\resources\latex_resources\latex\psnfss\ot1pcr.fd <-- mechatro2 /home1/www/htdocs/resources/latex_resources/latex/psnfss ot1pcr.fd
99.12.12 13:57 A H:\ibaraki\Homepage_MSC\resources\latex_resources\latex\psnfss\ot1ptm.fd <-- mechatro2 /home1/www/htdocs/resources/latex_resources/latex/psnfss ot1ptm.fd
99.12.12 13:57 A H:\ibaraki\Homepage_MSC\resources\latex_resources\latex\psnfss\ot1ppl.fd <-- mechatro2 /home1/www/htdocs/resources/latex_resources/latex/psnfss ot1ppl.fd
99.12.12 13:57 A H:\ibaraki\Homepage_MSC\resources\latex_resources\latex\psnfss\ot1pnc.fd <-- mechatro2 /home1/www/htdocs/resources/latex_resources/latex/psnfss ot1pnc.fd
99.12.12 13:57 A H:\ibaraki\Homepage_MSC\resources\latex_resources\latex\psnfss\ts1pag.fd <-- mechatro2 /home1/www/htdocs/resources/latex_resources/latex/psnfss ts1pag.fd
99.12.12 13:57 A H:\ibaraki\Homepage_MSC\resources\latex_resources\latex\psnfss\8rpag.fd <-- mechatro2 /home1/www/htdocs/resources/latex_resources/latex/psnfss 8rpag.fd
99.12.12 13:57 A H:\ibaraki\Homepage_MSC\resources\latex_resources\latex\psnfss\t1pcr.fd <-- mechatro2 /home1/www/htdocs/resources/latex_resources/latex/psnfss t1pcr.fd
99.12.12 13:57 A H:\ibaraki\Homepage_MSC\resources\latex_resources\latex\psnfss\t1ptm.fd <-- mechatro2 /home1/www/htdocs/resources/latex_resources/latex/psnfss t1ptm.fd
99.12.12 13:57 A H:\ibaraki\Homepage_MSC\resources\latex_resources\latex\psnfss\t1ppl.fd <-- mechatro2 /home1/www/htdocs/resources/latex_resources/latex/psnfss t1ppl.fd
99.12.12 13:57 A H:\ibaraki\Homepage_MSC\resources\latex_resources\latex\psnfss\t1pnc.fd <-- mechatro2 /home1/www/htdocs/resources/latex_resources/latex/psnfss t1pnc.fd
99.12.12 13:57 A H:\ibaraki\Homepage_MSC\resources\latex_resources\latex\psnfss\8rbch.fd <-- mechatro2 /home1/www/htdocs/resources/latex_resources/latex/psnfss 8rbch.fd
99.12.12 13:57 A H:\ibaraki\Homepage_MSC\resources\latex_resources\latex\psnfss\8rput.fd <-- mechatro2 /home1/www/htdocs/resources/latex_resources/latex/psnfss 8rput.fd
99.12.12 13:57 A H:\ibaraki\Homepage_MSC\resources\latex_resources\latex\psnfss\newcent.sty <-- mechatro2 /home1/www/htdocs/resources/latex_resources/latex/psnfss newcent.sty
99.12.12 13:57 A H:\ibaraki\Homepage_MSC\resources\latex_resources\latex\psnfss\palatino.sty <-- mechatro2 /home1/www/htdocs/resources/latex_resources/latex/psnfss palatino.sty
99.12.12 13:57 A H:\ibaraki\Homepage_MSC\resources\latex_resources\latex\psnfss\bookman.sty <-- mechatro2 /home1/www/htdocs/resources/latex_resources/latex/psnfss bookman.sty
99.12.12 13:57 A H:\ibaraki\Homepage_MSC\resources\latex_resources\latex\psnfss\times.sty <-- mechatro2 /home1/www/htdocs/resources/latex_resources/latex/psnfss times.sty
99.12.12 13:57 A H:\ibaraki\Homepage_MSC\resources\latex_resources\latex\psnfss\chancery.sty <-- mechatro2 /home1/www/htdocs/resources/latex_resources/latex/psnfss chancery.sty
99.12.12 13:57 A H:\ibaraki\Homepage_MSC\resources\latex_resources\latex\psnfss\utopia.sty <-- mechatro2 /home1/www/htdocs/resources/latex_resources/latex/psnfss utopia.sty
99.12.12 13:57 A H:\ibaraki\Homepage_MSC\resources\latex_resources\latex\psnfss\helvet.sty <-- mechatro2 /home1/www/htdocs/resources/latex_resources/latex/psnfss helvet.sty
99.12.12 13:57 A H:\ibaraki\Homepage_MSC\resources\latex_resources\latex\psnfss\avant.sty <-- mechatro2 /home1/www/htdocs/resources/latex_resources/latex/psnfss avant.sty
99.12.12 13:57 A H:\ibaraki\Homepage_MSC\resources\latex_resources\latex\psnfss\omlpplcm.fd <-- mechatro2 /home1/www/htdocs/resources/latex_resources/latex/psnfss omlpplcm.fd
99.12.12 13:57 A H:\ibaraki\Homepage_MSC\resources\latex_resources\latex\psnfss\ts1pcr.fd <-- mechatro2 /home1/www/htdocs/resources/latex_resources/latex/psnfss ts1pcr.fd
99.12.12 13:57 A H:\ibaraki\Homepage_MSC\resources\latex_resources\latex\psnfss\ts1ptm.fd <-- mechatro2 /home1/www/htdocs/resources/latex_resources/latex/psnfss ts1ptm.fd
99.12.12 13:57 A H:\ibaraki\Homepage_MSC\resources\latex_resources\latex\psnfss\ts1ppl.fd <-- mechatro2 /home1/www/htdocs/resources/latex_resources/latex/psnfss ts1ppl.fd
99.12.12 13:57 A H:\ibaraki\Homepage_MSC\resources\latex_resources\latex\psnfss\ts1pnc.fd <-- mechatro2 /home1/www/htdocs/resources/latex_resources/latex/psnfss ts1pnc.fd
99.12.12 13:57 A H:\ibaraki\Homepage_MSC\resources\latex_resources\latex\psnfss\8rpcr.fd <-- mechatro2 /home1/www/htdocs/resources/latex_resources/latex/psnfss 8rpcr.fd
99.12.12 13:57 A H:\ibaraki\Homepage_MSC\resources\latex_resources\latex\psnfss\8rptm.fd <-- mechatro2 /home1/www/htdocs/resources/latex_resources/latex/psnfss 8rptm.fd
99.12.12 13:57 A H:\ibaraki\Homepage_MSC\resources\latex_resources\latex\psnfss\8rppl.fd <-- mechatro2 /home1/www/htdocs/resources/latex_resources/latex/psnfss 8rppl.fd
99.12.12 13:57 A H:\ibaraki\Homepage_MSC\resources\latex_resources\latex\psnfss\8rpnc.fd <-- mechatro2 /home1/www/htdocs/resources/latex_resources/latex/psnfss 8rpnc.fd
99.12.12 13:57 A H:\ibaraki\Homepage_MSC\resources\latex_resources\latex\psnfss\charter.sty <-- mechatro2 /home1/www/htdocs/resources/latex_resources/latex/psnfss charter.sty
99.12.12 13:57 A H:\ibaraki\Homepage_MSC\resources\latex_resources\latex\psnfss\ot1pzc.fd <-- mechatro2 /home1/www/htdocs/resources/latex_resources/latex/psnfss ot1pzc.fd
99.12.12 13:57 A H:\ibaraki\Homepage_MSC\resources\latex_resources\latex\psnfss\omsput.fd <-- mechatro2 /home1/www/htdocs/resources/latex_resources/latex/psnfss omsput.fd
99.12.12 13:57 A H:\ibaraki\Homepage_MSC\resources\latex_resources\latex\psnfss\omsbch.fd <-- mechatro2 /home1/www/htdocs/resources/latex_resources/latex/psnfss omsbch.fd
99.12.12 13:57 A H:\ibaraki\Homepage_MSC\resources\latex_resources\latex\psnfss\omlput.fd <-- mechatro2 /home1/www/htdocs/resources/latex_resources/latex/psnfss omlput.fd
99.12.12 13:57 A H:\ibaraki\Homepage_MSC\resources\latex_resources\latex\psnfss\omlbch.fd <-- mechatro2 /home1/www/htdocs/resources/latex_resources/latex/psnfss omlbch.fd
99.12.12 13:57 A H:\ibaraki\Homepage_MSC\resources\latex_resources\latex\psnfss\omlpzc.fd <-- mechatro2 /home1/www/htdocs/resources/latex_resources/latex/psnfss omlpzc.fd
99.12.12 13:57 A H:\ibaraki\Homepage_MSC\resources\latex_resources\latex\psnfss\omlptm.fd <-- mechatro2 /home1/www/htdocs/resources/latex_resources/latex/psnfss omlptm.fd
99.12.12 13:57 A H:\ibaraki\Homepage_MSC\resources\latex_resources\latex\psnfss\omlppl.fd <-- mechatro2 /home1/www/htdocs/resources/latex_resources/latex/psnfss omlppl.fd
99.12.12 13:57 A H:\ibaraki\Homepage_MSC\resources\latex_resources\latex\psnfss\omlpnc.fd <-- mechatro2 /home1/www/htdocs/resources/latex_resources/latex/psnfss omlpnc.fd
99.12.12 13:57 A H:\ibaraki\Homepage_MSC\resources\latex_resources\latex\psnfss\omlphv.fd <-- mechatro2 /home1/www/htdocs/resources/latex_resources/latex/psnfss omlphv.fd
99.12.12 13:57 A H:\ibaraki\Homepage_MSC\resources\latex_resources\latex\psnfss\omlpcr.fd <-- mechatro2 /home1/www/htdocs/resources/latex_resources/latex/psnfss omlpcr.fd
99.12.12 13:57 A H:\ibaraki\Homepage_MSC\resources\latex_resources\latex\psnfss\omlpbk.fd <-- mechatro2 /home1/www/htdocs/resources/latex_resources/latex/psnfss omlpbk.fd
99.12.12 13:57 A H:\ibaraki\Homepage_MSC\resources\latex_resources\latex\psnfss\omlpag.fd <-- mechatro2 /home1/www/htdocs/resources/latex_resources/latex/psnfss omlpag.fd
99.12.12 13:57 A H:\ibaraki\Homepage_MSC\resources\latex_resources\latex\psnfss\omspzc.fd <-- mechatro2 /home1/www/htdocs/resources/latex_resources/latex/psnfss omspzc.fd
99.12.12 13:57 A H:\ibaraki\Homepage_MSC\resources\latex_resources\latex\psnfss\omsptm.fd <-- mechatro2 /home1/www/htdocs/resources/latex_resources/latex/psnfss omsptm.fd
99.12.12 13:57 A H:\ibaraki\Homepage_MSC\resources\latex_resources\latex\psnfss\omsppl.fd <-- mechatro2 /home1/www/htdocs/resources/latex_resources/latex/psnfss omsppl.fd
99.12.12 13:57 A H:\ibaraki\Homepage_MSC\resources\latex_resources\latex\psnfss\omspnc.fd <-- mechatro2 /home1/www/htdocs/resources/latex_resources/latex/psnfss omspnc.fd
99.12.12 13:57 A H:\ibaraki\Homepage_MSC\resources\latex_resources\latex\psnfss\omsphv.fd <-- mechatro2 /home1/www/htdocs/resources/latex_resources/latex/psnfss omsphv.fd
99.12.12 13:57 A H:\ibaraki\Homepage_MSC\resources\latex_resources\latex\psnfss\omspcr.fd <-- mechatro2 /home1/www/htdocs/resources/latex_resources/latex/psnfss omspcr.fd
99.12.12 13:57 A H:\ibaraki\Homepage_MSC\resources\latex_resources\latex\psnfss\omspbk.fd <-- mechatro2 /home1/www/htdocs/resources/latex_resources/latex/psnfss omspbk.fd
99.12.12 13:57 A H:\ibaraki\Homepage_MSC\resources\latex_resources\latex\psnfss\omspag.fd <-- mechatro2 /home1/www/htdocs/resources/latex_resources/latex/psnfss omspag.fd
99.12.12 13:57 A H:\ibaraki\Homepage_MSC\resources\latex_resources\latex\psnfss\omspplcm.fd <-- mechatro2 /home1/www/htdocs/resources/latex_resources/latex/psnfss omspplcm.fd
99.12.12 13:57 A H:\ibaraki\Homepage_MSC\resources\latex_resources\latex\psnfss\ot1pplcm.fd <-- mechatro2 /home1/www/htdocs/resources/latex_resources/latex/psnfss ot1pplcm.fd
99.12.12 13:57 A H:\ibaraki\Homepage_MSC\resources\latex_resources\latex\psnfss\ts1pzc.fd <-- mechatro2 /home1/www/htdocs/resources/latex_resources/latex/psnfss ts1pzc.fd
99.12.12 13:57 A H:\ibaraki\Homepage_MSC\resources\latex_resources\latex\psnfss\t1pzc.fd <-- mechatro2 /home1/www/htdocs/resources/latex_resources/latex/psnfss t1pzc.fd
99.12.12 13:57 A H:\ibaraki\Homepage_MSC\resources\latex_resources\latex\psnfss\8rpzc.fd <-- mechatro2 /home1/www/htdocs/resources/latex_resources/latex/psnfss 8rpzc.fd
99.12.12 13:57 A H:\ibaraki\Homepage_MSC\resources\latex_resources\latex\psnfss\omxpplcm.fd <-- mechatro2 /home1/www/htdocs/resources/latex_resources/latex/psnfss omxpplcm.fd
99.12.12 13:57 A H:\ibaraki\Homepage_MSC\resources\latex_resources\latex\psnfss\ncntrsbk.sty <-- mechatro2 /home1/www/htdocs/resources/latex_resources/latex/psnfss ncntrsbk.sty
99.12.12 13:57 A H:\ibaraki\Homepage_MSC\resources\latex_resources\latex\psnfss\zapfchan.sty <-- mechatro2 /home1/www/htdocs/resources/latex_resources/latex/psnfss zapfchan.sty
99.12.12 13:57 A H:\ibaraki\Homepage_MSC\resources\latex_resources\latex\psnfss\helvetic.sty <-- mechatro2 /home1/www/htdocs/resources/latex_resources/latex/psnfss helvetic.sty
99.12.12 13:57 A H:\ibaraki\Homepage_MSC\resources\latex_resources\latex\psnfss\avantgar.sty <-- mechatro2 /home1/www/htdocs/resources/latex_resources/latex/psnfss avantgar.sty
99.12.12 13:57 A H:\ibaraki\Homepage_MSC\resources\latex_resources\latex\psnfss\upzd.fd <-- mechatro2 /home1/www/htdocs/resources/latex_resources/latex/psnfss upzd.fd
99.12.12 13:57 A H:\ibaraki\Homepage_MSC\resources\latex_resources\latex\psnfss\upsy.fd <-- mechatro2 /home1/www/htdocs/resources/latex_resources/latex/psnfss upsy.fd
99.12.12 13:57 A H:\ibaraki\Homepage_MSC\resources\latex_resources\latex\psnfss\courier.sty <-- mechatro2 /home1/www/htdocs/resources/latex_resources/latex/psnfss courier.sty
