99.12.12 13:55 A H:\ibaraki\Homepage_MSC\resources\latex_resources\latex\graphics\textures.def <-- mechatro2 /home1/www/htdocs/resources/latex_resources/latex/graphics textures.def
99.12.12 13:55 A H:\ibaraki\Homepage_MSC\resources\latex_resources\latex\graphics\graphics.sty <-- mechatro2 /home1/www/htdocs/resources/latex_resources/latex/graphics graphics.sty
99.12.12 13:56 A H:\ibaraki\Homepage_MSC\resources\latex_resources\latex\graphics\vtex.def <-- mechatro2 /home1/www/htdocs/resources/latex_resources/latex/graphics vtex.def
99.12.12 13:56 A H:\ibaraki\Homepage_MSC\resources\latex_resources\latex\graphics\pdftex.def <-- mechatro2 /home1/www/htdocs/resources/latex_resources/latex/graphics pdftex.def
99.12.12 13:56 A H:\ibaraki\Homepage_MSC\resources\latex_resources\latex\graphics\graphicx.sty <-- mechatro2 /home1/www/htdocs/resources/latex_resources/latex/graphics graphicx.sty
99.12.12 13:56 A H:\ibaraki\Homepage_MSC\resources\latex_resources\latex\graphics\color.sty <-- mechatro2 /home1/www/htdocs/resources/latex_resources/latex/graphics color.sty
99.12.12 13:56 A H:\ibaraki\Homepage_MSC\resources\latex_resources\latex\graphics\dvips.def <-- mechatro2 /home1/www/htdocs/resources/latex_resources/latex/graphics dvips.def
99.12.12 13:56 A H:\ibaraki\Homepage_MSC\resources\latex_resources\latex\graphics\dvipsnam.def <-- mechatro2 /home1/www/htdocs/resources/latex_resources/latex/graphics dvipsnam.def
99.12.12 13:56 A H:\ibaraki\Homepage_MSC\resources\latex_resources\latex\graphics\tcidvi.def <-- mechatro2 /home1/www/htdocs/resources/latex_resources/latex/graphics tcidvi.def
99.12.12 13:56 A H:\ibaraki\Homepage_MSC\resources\latex_resources\latex\graphics\dvipsone.def <-- mechatro2 /home1/www/htdocs/resources/latex_resources/latex/graphics dvipsone.def
99.12.12 13:56 A H:\ibaraki\Homepage_MSC\resources\latex_resources\latex\graphics\dvipdf.def <-- mechatro2 /home1/www/htdocs/resources/latex_resources/latex/graphics dvipdf.def
99.12.12 13:56 A H:\ibaraki\Homepage_MSC\resources\latex_resources\latex\graphics\pctex32.def <-- mechatro2 /home1/www/htdocs/resources/latex_resources/latex/graphics pctex32.def
99.12.12 13:56 A H:\ibaraki\Homepage_MSC\resources\latex_resources\latex\graphics\pctexps.def <-- mechatro2 /home1/www/htdocs/resources/latex_resources/latex/graphics pctexps.def
99.12.12 13:56 A H:\ibaraki\Homepage_MSC\resources\latex_resources\latex\graphics\truetex.def <-- mechatro2 /home1/www/htdocs/resources/latex_resources/latex/graphics truetex.def
99.12.12 13:56 A H:\ibaraki\Homepage_MSC\resources\latex_resources\latex\graphics\dvipdfm.def <-- mechatro2 /home1/www/htdocs/resources/latex_resources/latex/graphics dvipdfm.def
99.12.12 13:56 A H:\ibaraki\Homepage_MSC\resources\latex_resources\latex\graphics\trig.sty <-- mechatro2 /home1/www/htdocs/resources/latex_resources/latex/graphics trig.sty
99.12.12 13:56 A H:\ibaraki\Homepage_MSC\resources\latex_resources\latex\graphics\epsfig.sty <-- mechatro2 /home1/www/htdocs/resources/latex_resources/latex/graphics epsfig.sty
99.12.12 13:56 A H:\ibaraki\Homepage_MSC\resources\latex_resources\latex\graphics\pctexwin.def <-- mechatro2 /home1/www/htdocs/resources/latex_resources/latex/graphics pctexwin.def
99.12.12 13:56 A H:\ibaraki\Homepage_MSC\resources\latex_resources\latex\graphics\keyval.sty <-- mechatro2 /home1/www/htdocs/resources/latex_resources/latex/graphics keyval.sty
99.12.12 13:56 A H:\ibaraki\Homepage_MSC\resources\latex_resources\latex\graphics\pstcol.sty <-- mechatro2 /home1/www/htdocs/resources/latex_resources/latex/graphics pstcol.sty
99.12.12 13:56 A H:\ibaraki\Homepage_MSC\resources\latex_resources\latex\graphics\lscape.sty <-- mechatro2 /home1/www/htdocs/resources/latex_resources/latex/graphics lscape.sty
99.12.12 13:56 A H:\ibaraki\Homepage_MSC\resources\latex_resources\latex\graphics\dviwin.def <-- mechatro2 /home1/www/htdocs/resources/latex_resources/latex/graphics dviwin.def
99.12.12 13:56 A H:\ibaraki\Homepage_MSC\resources\latex_resources\latex\graphics\pctexhp.def <-- mechatro2 /home1/www/htdocs/resources/latex_resources/latex/graphics pctexhp.def
99.12.12 13:56 A H:\ibaraki\Homepage_MSC\resources\latex_resources\latex\graphics\emtex.def <-- mechatro2 /home1/www/htdocs/resources/latex_resources/latex/graphics emtex.def
