99.12.12 13:56 A H:\ibaraki\Homepage_MSC\resources\latex_resources\latex\listings\listings.sty <-- mechatro2 /home1/www/htdocs/resources/latex_resources/latex/listings listings.sty
99.12.12 13:56 A H:\ibaraki\Homepage_MSC\resources\latex_resources\latex\listings\lsttex.sty <-- mechatro2 /home1/www/htdocs/resources/latex_resources/latex/listings lsttex.sty
99.12.12 13:56 A H:\ibaraki\Homepage_MSC\resources\latex_resources\latex\listings\lstmatlab.sty <-- mechatro2 /home1/www/htdocs/resources/latex_resources/latex/listings lstmatlab.sty
99.12.12 13:56 A H:\ibaraki\Homepage_MSC\resources\latex_resources\latex\listings\lstalgol.sty <-- mechatro2 /home1/www/htdocs/resources/latex_resources/latex/listings lstalgol.sty
99.12.12 13:56 A H:\ibaraki\Homepage_MSC\resources\latex_resources\latex\listings\lstcobol.sty <-- mechatro2 /home1/www/htdocs/resources/latex_resources/latex/listings lstcobol.sty
99.12.12 13:56 A H:\ibaraki\Homepage_MSC\resources\latex_resources\latex\listings\lstfvrb.sty <-- mechatro2 /home1/www/htdocs/resources/latex_resources/latex/listings lstfvrb.sty
99.12.12 13:56 A H:\ibaraki\Homepage_MSC\resources\latex_resources\latex\listings\lstsimula.sty <-- mechatro2 /home1/www/htdocs/resources/latex_resources/latex/listings lstsimula.sty
99.12.12 13:56 A H:\ibaraki\Homepage_MSC\resources\latex_resources\latex\listings\lstperl.sty <-- mechatro2 /home1/www/htdocs/resources/latex_resources/latex/listings lstperl.sty
99.12.12 13:56 A H:\ibaraki\Homepage_MSC\resources\latex_resources\latex\listings\lstpascal.sty <-- mechatro2 /home1/www/htdocs/resources/latex_resources/latex/listings lstpascal.sty
99.12.12 13:56 A H:\ibaraki\Homepage_MSC\resources\latex_resources\latex\listings\lstedu.sty <-- mechatro2 /home1/www/htdocs/resources/latex_resources/latex/listings lstedu.sty
99.12.12 13:56 A H:\ibaraki\Homepage_MSC\resources\latex_resources\latex\listings\lst017.sty <-- mechatro2 /home1/www/htdocs/resources/latex_resources/latex/listings lst017.sty
99.12.12 13:56 A H:\ibaraki\Homepage_MSC\resources\latex_resources\latex\listings\lstlisp.sty <-- mechatro2 /home1/www/htdocs/resources/latex_resources/latex/listings lstlisp.sty
99.12.12 13:56 A H:\ibaraki\Homepage_MSC\resources\latex_resources\latex\listings\lstdelphi.sty <-- mechatro2 /home1/www/htdocs/resources/latex_resources/latex/listings lstdelphi.sty
99.12.12 13:56 A H:\ibaraki\Homepage_MSC\resources\latex_resources\latex\listings\lstc.sty <-- mechatro2 /home1/www/htdocs/resources/latex_resources/latex/listings lstc.sty
99.12.12 13:56 A H:\ibaraki\Homepage_MSC\resources\latex_resources\latex\listings\lsthtml.sty <-- mechatro2 /home1/www/htdocs/resources/latex_resources/latex/listings lsthtml.sty
99.12.12 13:56 A H:\ibaraki\Homepage_MSC\resources\latex_resources\latex\listings\lstsql.sty <-- mechatro2 /home1/www/htdocs/resources/latex_resources/latex/listings lstsql.sty
99.12.12 13:56 A H:\ibaraki\Homepage_MSC\resources\latex_resources\latex\listings\lstfortran.sty <-- mechatro2 /home1/www/htdocs/resources/latex_resources/latex/listings lstfortran.sty
99.12.12 13:56 A H:\ibaraki\Homepage_MSC\resources\latex_resources\latex\listings\lstpli.sty <-- mechatro2 /home1/www/htdocs/resources/latex_resources/latex/listings lstpli.sty
99.12.12 13:56 A H:\ibaraki\Homepage_MSC\resources\latex_resources\latex\listings\listings.cfg <-- mechatro2 /home1/www/htdocs/resources/latex_resources/latex/listings listings.cfg
99.12.12 13:56 A H:\ibaraki\Homepage_MSC\resources\latex_resources\latex\listings\lstvhdl.sty <-- mechatro2 /home1/www/htdocs/resources/latex_resources/latex/listings lstvhdl.sty
99.12.12 13:56 A H:\ibaraki\Homepage_MSC\resources\latex_resources\latex\listings\lsteuphoria.sty <-- mechatro2 /home1/www/htdocs/resources/latex_resources/latex/listings lsteuphoria.sty
99.12.12 13:56 A H:\ibaraki\Homepage_MSC\resources\latex_resources\latex\listings\lstprolog.sty <-- mechatro2 /home1/www/htdocs/resources/latex_resources/latex/listings lstprolog.sty
99.12.12 13:56 A H:\ibaraki\Homepage_MSC\resources\latex_resources\latex\listings\lsteiffel.sty <-- mechatro2 /home1/www/htdocs/resources/latex_resources/latex/listings lsteiffel.sty
99.12.12 13:56 A H:\ibaraki\Homepage_MSC\resources\latex_resources\latex\listings\lstada.sty <-- mechatro2 /home1/www/htdocs/resources/latex_resources/latex/listings lstada.sty
99.12.12 13:56 A H:\ibaraki\Homepage_MSC\resources\latex_resources\latex\listings\lstmodula.sty <-- mechatro2 /home1/www/htdocs/resources/latex_resources/latex/listings lstmodula.sty
99.12.12 13:56 A H:\ibaraki\Homepage_MSC\resources\latex_resources\latex\listings\lstjava.sty <-- mechatro2 /home1/www/htdocs/resources/latex_resources/latex/listings lstjava.sty
99.12.12 13:56 A H:\ibaraki\Homepage_MSC\resources\latex_resources\latex\listings\lstoberon.sty <-- mechatro2 /home1/www/htdocs/resources/latex_resources/latex/listings lstoberon.sty
99.12.12 13:56 A H:\ibaraki\Homepage_MSC\resources\latex_resources\latex\listings\lstcsh.sty <-- mechatro2 /home1/www/htdocs/resources/latex_resources/latex/listings lstcsh.sty
99.12.12 13:56 A H:\ibaraki\Homepage_MSC\resources\latex_resources\latex\listings\lstidl.sty <-- mechatro2 /home1/www/htdocs/resources/latex_resources/latex/listings lstidl.sty
99.12.12 13:56 A H:\ibaraki\Homepage_MSC\resources\latex_resources\latex\listings\lstmercury.sty <-- mechatro2 /home1/www/htdocs/resources/latex_resources/latex/listings lstmercury.sty
