99.12.12 13:57 A H:\ibaraki\Homepage_MSC\resources\latex_resources\latex\misc\layouts.sty <-- mechatro2 /home1/www/htdocs/resources/latex_resources/latex/misc layouts.sty
99.12.12 13:57 A H:\ibaraki\Homepage_MSC\resources\latex_resources\latex\misc\program.sty <-- mechatro2 /home1/www/htdocs/resources/latex_resources/latex/misc program.sty
99.12.12 13:57 A H:\ibaraki\Homepage_MSC\resources\latex_resources\latex\misc\shapepar.sty <-- mechatro2 /home1/www/htdocs/resources/latex_resources/latex/misc shapepar.sty
99.12.12 13:57 A H:\ibaraki\Homepage_MSC\resources\latex_resources\latex\misc\fancybox.sty <-- mechatro2 /home1/www/htdocs/resources/latex_resources/latex/misc fancybox.sty
99.12.12 13:57 A H:\ibaraki\Homepage_MSC\resources\latex_resources\latex\misc\footbib.sty <-- mechatro2 /home1/www/htdocs/resources/latex_resources/latex/misc footbib.sty
99.12.12 13:57 A H:\ibaraki\Homepage_MSC\resources\latex_resources\latex\misc\exam.cls <-- mechatro2 /home1/www/htdocs/resources/latex_resources/latex/misc exam.cls
99.12.12 13:57 A H:\ibaraki\Homepage_MSC\resources\latex_resources\latex\misc\gletter.sty <-- mechatro2 /home1/www/htdocs/resources/latex_resources/latex/misc gletter.sty
99.12.12 13:57 A H:\ibaraki\Homepage_MSC\resources\latex_resources\latex\misc\wrapfig.sty <-- mechatro2 /home1/www/htdocs/resources/latex_resources/latex/misc wrapfig.sty
99.12.12 13:57 A H:\ibaraki\Homepage_MSC\resources\latex_resources\latex\misc\SIunits.sty <-- mechatro2 /home1/www/htdocs/resources/latex_resources/latex/misc SIunits.sty
99.12.12 13:57 A H:\ibaraki\Homepage_MSC\resources\latex_resources\latex\misc\ulem.sty <-- mechatro2 /home1/www/htdocs/resources/latex_resources/latex/misc ulem.sty
99.12.12 13:57 A H:\ibaraki\Homepage_MSC\resources\latex_resources\latex\misc\setspace.sty <-- mechatro2 /home1/www/htdocs/resources/latex_resources/latex/misc setspace.sty
99.12.12 13:57 A H:\ibaraki\Homepage_MSC\resources\latex_resources\latex\misc\footnpag.sty <-- mechatro2 /home1/www/htdocs/resources/latex_resources/latex/misc footnpag.sty
99.12.12 13:57 A H:\ibaraki\Homepage_MSC\resources\latex_resources\latex\misc\tocloft.sty <-- mechatro2 /home1/www/htdocs/resources/latex_resources/latex/misc tocloft.sty
99.12.12 13:57 A H:\ibaraki\Homepage_MSC\resources\latex_resources\latex\misc\a4dutch.sty <-- mechatro2 /home1/www/htdocs/resources/latex_resources/latex/misc a4dutch.sty
99.12.12 13:57 A H:\ibaraki\Homepage_MSC\resources\latex_resources\latex\misc\bar.sty <-- mechatro2 /home1/www/htdocs/resources/latex_resources/latex/misc bar.sty
99.12.12 13:57 A H:\ibaraki\Homepage_MSC\resources\latex_resources\latex\misc\picins.sty <-- mechatro2 /home1/www/htdocs/resources/latex_resources/latex/misc picins.sty
99.12.12 13:57 A H:\ibaraki\Homepage_MSC\resources\latex_resources\latex\misc\geometry.sty <-- mechatro2 /home1/www/htdocs/resources/latex_resources/latex/misc geometry.sty
99.12.12 13:57 A H:\ibaraki\Homepage_MSC\resources\latex_resources\latex\misc\changebar.sty <-- mechatro2 /home1/www/htdocs/resources/latex_resources/latex/misc changebar.sty
99.12.12 13:57 A H:\ibaraki\Homepage_MSC\resources\latex_resources\latex\misc\picinpar.sty <-- mechatro2 /home1/www/htdocs/resources/latex_resources/latex/misc picinpar.sty
99.12.12 13:57 A H:\ibaraki\Homepage_MSC\resources\latex_resources\latex\misc\url.sty <-- mechatro2 /home1/www/htdocs/resources/latex_resources/latex/misc url.sty
99.12.12 13:57 A H:\ibaraki\Homepage_MSC\resources\latex_resources\latex\misc\vmargin.sty <-- mechatro2 /home1/www/htdocs/resources/latex_resources/latex/misc vmargin.sty
99.12.12 13:57 A H:\ibaraki\Homepage_MSC\resources\latex_resources\latex\misc\supertabular.sty <-- mechatro2 /home1/www/htdocs/resources/latex_resources/latex/misc supertabular.sty
99.12.12 13:57 A H:\ibaraki\Homepage_MSC\resources\latex_resources\latex\misc\footmisc.sty <-- mechatro2 /home1/www/htdocs/resources/latex_resources/latex/misc footmisc.sty
99.12.12 13:57 A H:\ibaraki\Homepage_MSC\resources\latex_resources\latex\misc\example.sty <-- mechatro2 /home1/www/htdocs/resources/latex_resources/latex/misc example.sty
99.12.12 13:57 A H:\ibaraki\Homepage_MSC\resources\latex_resources\latex\misc\sectsty.sty <-- mechatro2 /home1/www/htdocs/resources/latex_resources/latex/misc sectsty.sty
99.12.12 13:57 A H:\ibaraki\Homepage_MSC\resources\latex_resources\latex\misc\euler.sty <-- mechatro2 /home1/www/htdocs/resources/latex_resources/latex/misc euler.sty
99.12.12 13:57 A H:\ibaraki\Homepage_MSC\resources\latex_resources\latex\misc\endnotes.sty <-- mechatro2 /home1/www/htdocs/resources/latex_resources/latex/misc endnotes.sty
99.12.12 13:57 A H:\ibaraki\Homepage_MSC\resources\latex_resources\latex\misc\soul.sty <-- mechatro2 /home1/www/htdocs/resources/latex_resources/latex/misc soul.sty
99.12.12 13:57 A H:\ibaraki\Homepage_MSC\resources\latex_resources\latex\misc\draftcopy.sty <-- mechatro2 /home1/www/htdocs/resources/latex_resources/latex/misc draftcopy.sty
99.12.12 13:57 A H:\ibaraki\Homepage_MSC\resources\latex_resources\latex\misc\floatflt.sty <-- mechatro2 /home1/www/htdocs/resources/latex_resources/latex/misc floatflt.sty
99.12.12 13:57 A H:\ibaraki\Homepage_MSC\resources\latex_resources\latex\misc\index.sty <-- mechatro2 /home1/www/htdocs/resources/latex_resources/latex/misc index.sty
99.12.12 13:57 A H:\ibaraki\Homepage_MSC\resources\latex_resources\latex\misc\stmaryrd.sty <-- mechatro2 /home1/www/htdocs/resources/latex_resources/latex/misc stmaryrd.sty
99.12.12 13:57 A H:\ibaraki\Homepage_MSC\resources\latex_resources\latex\misc\isolatin1.sty <-- mechatro2 /home1/www/htdocs/resources/latex_resources/latex/misc isolatin1.sty
99.12.12 13:57 A H:\ibaraki\Homepage_MSC\resources\latex_resources\latex\misc\tabls.sty <-- mechatro2 /home1/www/htdocs/resources/latex_resources/latex/misc tabls.sty
99.12.12 13:57 A H:\ibaraki\Homepage_MSC\resources\latex_resources\latex\misc\pslatex.sty <-- mechatro2 /home1/www/htdocs/resources/latex_resources/latex/misc pslatex.sty
99.12.12 13:57 A H:\ibaraki\Homepage_MSC\resources\latex_resources\latex\misc\pc850.def <-- mechatro2 /home1/www/htdocs/resources/latex_resources/latex/misc pc850.def
99.12.12 13:57 A H:\ibaraki\Homepage_MSC\resources\latex_resources\latex\misc\comment.sty <-- mechatro2 /home1/www/htdocs/resources/latex_resources/latex/misc comment.sty
99.12.12 13:57 A H:\ibaraki\Homepage_MSC\resources\latex_resources\latex\misc\mac.def <-- mechatro2 /home1/www/htdocs/resources/latex_resources/latex/misc mac.def
99.12.12 13:57 A H:\ibaraki\Homepage_MSC\resources\latex_resources\latex\misc\atari.def <-- mechatro2 /home1/www/htdocs/resources/latex_resources/latex/misc atari.def
99.12.12 13:57 A H:\ibaraki\Homepage_MSC\resources\latex_resources\latex\misc\subfigure.sty <-- mechatro2 /home1/www/htdocs/resources/latex_resources/latex/misc subfigure.sty
99.12.12 13:57 A H:\ibaraki\Homepage_MSC\resources\latex_resources\latex\misc\relsize.sty <-- mechatro2 /home1/www/htdocs/resources/latex_resources/latex/misc relsize.sty
99.12.12 13:57 A H:\ibaraki\Homepage_MSC\resources\latex_resources\latex\misc\crop.sty <-- mechatro2 /home1/www/htdocs/resources/latex_resources/latex/misc crop.sty
99.12.12 13:57 A H:\ibaraki\Homepage_MSC\resources\latex_resources\latex\misc\psfrag.sty <-- mechatro2 /home1/www/htdocs/resources/latex_resources/latex/misc psfrag.sty
99.12.12 13:57 A H:\ibaraki\Homepage_MSC\resources\latex_resources\latex\misc\fltpage.sty <-- mechatro2 /home1/www/htdocs/resources/latex_resources/latex/misc fltpage.sty
99.12.12 13:57 A H:\ibaraki\Homepage_MSC\resources\latex_resources\latex\misc\doublespace.sty <-- mechatro2 /home1/www/htdocs/resources/latex_resources/latex/misc doublespace.sty
99.12.12 13:57 A H:\ibaraki\Homepage_MSC\resources\latex_resources\latex\misc\roman8.def <-- mechatro2 /home1/www/htdocs/resources/latex_resources/latex/misc roman8.def
99.12.12 13:57 A H:\ibaraki\Homepage_MSC\resources\latex_resources\latex\misc\isolatin.def <-- mechatro2 /home1/www/htdocs/resources/latex_resources/latex/misc isolatin.def
99.12.12 13:57 A H:\ibaraki\Homepage_MSC\resources\latex_resources\latex\misc\type1cm.sty <-- mechatro2 /home1/www/htdocs/resources/latex_resources/latex/misc type1cm.sty
99.12.12 13:57 A H:\ibaraki\Homepage_MSC\resources\latex_resources\latex\misc\bibgerm.sty <-- mechatro2 /home1/www/htdocs/resources/latex_resources/latex/misc bibgerm.sty
99.12.12 13:57 A H:\ibaraki\Homepage_MSC\resources\latex_resources\latex\misc\fnpara.sty <-- mechatro2 /home1/www/htdocs/resources/latex_resources/latex/misc fnpara.sty
99.12.12 13:57 A H:\ibaraki\Homepage_MSC\resources\latex_resources\latex\misc\psboxit.sty <-- mechatro2 /home1/www/htdocs/resources/latex_resources/latex/misc psboxit.sty
99.12.12 13:57 A H:\ibaraki\Homepage_MSC\resources\latex_resources\latex\misc\sidecap.sty <-- mechatro2 /home1/www/htdocs/resources/latex_resources/latex/misc sidecap.sty
99.12.12 13:57 A H:\ibaraki\Homepage_MSC\resources\latex_resources\latex\misc\tocbibind.sty <-- mechatro2 /home1/www/htdocs/resources/latex_resources/latex/misc tocbibind.sty
99.12.12 13:57 A H:\ibaraki\Homepage_MSC\resources\latex_resources\latex\misc\float.sty <-- mechatro2 /home1/www/htdocs/resources/latex_resources/latex/misc float.sty
99.12.12 13:57 A H:\ibaraki\Homepage_MSC\resources\latex_resources\latex\misc\chappg.sty <-- mechatro2 /home1/www/htdocs/resources/latex_resources/latex/misc chappg.sty
99.12.12 13:57 A H:\ibaraki\Homepage_MSC\resources\latex_resources\latex\misc\multirow.sty <-- mechatro2 /home1/www/htdocs/resources/latex_resources/latex/misc multirow.sty
99.12.12 13:57 A H:\ibaraki\Homepage_MSC\resources\latex_resources\latex\misc\rotating.sty <-- mechatro2 /home1/www/htdocs/resources/latex_resources/latex/misc rotating.sty
99.12.12 13:57 A H:\ibaraki\Homepage_MSC\resources\latex_resources\latex\misc\moreverb.sty <-- mechatro2 /home1/www/htdocs/resources/latex_resources/latex/misc moreverb.sty
99.12.12 13:57 A H:\ibaraki\Homepage_MSC\resources\latex_resources\latex\misc\hyphenat.sty <-- mechatro2 /home1/www/htdocs/resources/latex_resources/latex/misc hyphenat.sty
99.12.12 13:57 A H:\ibaraki\Homepage_MSC\resources\latex_resources\latex\misc\hangcaption.sty <-- mechatro2 /home1/www/htdocs/resources/latex_resources/latex/misc hangcaption.sty
99.12.12 13:57 A H:\ibaraki\Homepage_MSC\resources\latex_resources\latex\misc\textfit.sty <-- mechatro2 /home1/www/htdocs/resources/latex_resources/latex/misc textfit.sty
99.12.12 13:57 A H:\ibaraki\Homepage_MSC\resources\latex_resources\latex\misc\shadow.sty <-- mechatro2 /home1/www/htdocs/resources/latex_resources/latex/misc shadow.sty
99.12.12 13:57 A H:\ibaraki\Homepage_MSC\resources\latex_resources\latex\misc\portland.sty <-- mechatro2 /home1/www/htdocs/resources/latex_resources/latex/misc portland.sty
99.12.12 13:57 A H:\ibaraki\Homepage_MSC\resources\latex_resources\latex\misc\yfonts.sty <-- mechatro2 /home1/www/htdocs/resources/latex_resources/latex/misc yfonts.sty
99.12.12 13:57 A H:\ibaraki\Homepage_MSC\resources\latex_resources\latex\misc\showtags.sty <-- mechatro2 /home1/www/htdocs/resources/latex_resources/latex/misc showtags.sty
99.12.12 13:57 A H:\ibaraki\Homepage_MSC\resources\latex_resources\latex\misc\ecltree.sty <-- mechatro2 /home1/www/htdocs/resources/latex_resources/latex/misc ecltree.sty
99.12.12 13:57 A H:\ibaraki\Homepage_MSC\resources\latex_resources\latex\misc\trees.sty <-- mechatro2 /home1/www/htdocs/resources/latex_resources/latex/misc trees.sty
99.12.12 13:57 A H:\ibaraki\Homepage_MSC\resources\latex_resources\latex\misc\booktabs.sty <-- mechatro2 /home1/www/htdocs/resources/latex_resources/latex/misc booktabs.sty
99.12.12 13:57 A H:\ibaraki\Homepage_MSC\resources\latex_resources\latex\misc\showlabels.sty <-- mechatro2 /home1/www/htdocs/resources/latex_resources/latex/misc showlabels.sty
99.12.12 13:57 A H:\ibaraki\Homepage_MSC\resources\latex_resources\latex\misc\eclbip.sty <-- mechatro2 /home1/www/htdocs/resources/latex_resources/latex/misc eclbip.sty
99.12.12 13:57 A H:\ibaraki\Homepage_MSC\resources\latex_resources\latex\misc\vpage.sty <-- mechatro2 /home1/www/htdocs/resources/latex_resources/latex/misc vpage.sty
99.12.12 13:57 A H:\ibaraki\Homepage_MSC\resources\latex_resources\latex\misc\beton.sty <-- mechatro2 /home1/www/htdocs/resources/latex_resources/latex/misc beton.sty
99.12.12 13:57 A H:\ibaraki\Homepage_MSC\resources\latex_resources\latex\misc\anysize.sty <-- mechatro2 /home1/www/htdocs/resources/latex_resources/latex/misc anysize.sty
99.12.12 13:57 A H:\ibaraki\Homepage_MSC\resources\latex_resources\latex\misc\showdim.sty <-- mechatro2 /home1/www/htdocs/resources/latex_resources/latex/misc showdim.sty
99.12.12 13:57 A H:\ibaraki\Homepage_MSC\resources\latex_resources\latex\misc\slashbox.sty <-- mechatro2 /home1/www/htdocs/resources/latex_resources/latex/misc slashbox.sty
99.12.12 13:57 A H:\ibaraki\Homepage_MSC\resources\latex_resources\latex\misc\scale.sty <-- mechatro2 /home1/www/htdocs/resources/latex_resources/latex/misc scale.sty
99.12.12 13:57 A H:\ibaraki\Homepage_MSC\resources\latex_resources\latex\misc\placeins.sty <-- mechatro2 /home1/www/htdocs/resources/latex_resources/latex/misc placeins.sty
99.12.12 13:57 A H:\ibaraki\Homepage_MSC\resources\latex_resources\latex\misc\threeparttable.sty <-- mechatro2 /home1/www/htdocs/resources/latex_resources/latex/misc threeparttable.sty
99.12.12 13:57 A H:\ibaraki\Homepage_MSC\resources\latex_resources\latex\misc\multind.sty <-- mechatro2 /home1/www/htdocs/resources/latex_resources/latex/misc multind.sty
99.12.12 13:57 A H:\ibaraki\Homepage_MSC\resources\latex_resources\latex\misc\multibox.sty <-- mechatro2 /home1/www/htdocs/resources/latex_resources/latex/misc multibox.sty
99.12.12 13:57 A H:\ibaraki\Homepage_MSC\resources\latex_resources\latex\misc\concmath.sty <-- mechatro2 /home1/www/htdocs/resources/latex_resources/latex/misc concmath.sty
99.12.12 13:57 A H:\ibaraki\Homepage_MSC\resources\latex_resources\latex\misc\stdclsdv.sty <-- mechatro2 /home1/www/htdocs/resources/latex_resources/latex/misc stdclsdv.sty
99.12.12 13:57 A H:\ibaraki\Homepage_MSC\resources\latex_resources\latex\misc\boxedminipage.sty <-- mechatro2 /home1/www/htdocs/resources/latex_resources/latex/misc boxedminipage.sty
99.12.12 13:57 A H:\ibaraki\Homepage_MSC\resources\latex_resources\latex\misc\overpic.sty <-- mechatro2 /home1/www/htdocs/resources/latex_resources/latex/misc overpic.sty
99.12.12 13:57 A H:\ibaraki\Homepage_MSC\resources\latex_resources\latex\misc\nomencl.sty <-- mechatro2 /home1/www/htdocs/resources/latex_resources/latex/misc nomencl.sty
99.12.12 13:57 A H:\ibaraki\Homepage_MSC\resources\latex_resources\latex\misc\aeguill.sty <-- mechatro2 /home1/www/htdocs/resources/latex_resources/latex/misc aeguill.sty
99.12.12 13:57 A H:\ibaraki\Homepage_MSC\resources\latex_resources\latex\misc\fguill.sty <-- mechatro2 /home1/www/htdocs/resources/latex_resources/latex/misc fguill.sty
99.12.12 13:57 A H:\ibaraki\Homepage_MSC\resources\latex_resources\latex\misc\lastpage.sty <-- mechatro2 /home1/www/htdocs/resources/latex_resources/latex/misc lastpage.sty
99.12.12 13:57 A H:\ibaraki\Homepage_MSC\resources\latex_resources\latex\misc\citesort.sty <-- mechatro2 /home1/www/htdocs/resources/latex_resources/latex/misc citesort.sty
99.12.12 13:57 A H:\ibaraki\Homepage_MSC\resources\latex_resources\latex\misc\version.sty <-- mechatro2 /home1/www/htdocs/resources/latex_resources/latex/misc version.sty
99.12.12 13:57 A H:\ibaraki\Homepage_MSC\resources\latex_resources\latex\misc\here.sty <-- mechatro2 /home1/www/htdocs/resources/latex_resources/latex/misc here.sty
99.12.12 13:57 A H:\ibaraki\Homepage_MSC\resources\latex_resources\latex\misc\bbold.sty <-- mechatro2 /home1/www/htdocs/resources/latex_resources/latex/misc bbold.sty
99.12.12 13:57 A H:\ibaraki\Homepage_MSC\resources\latex_resources\latex\misc\a4wide.sty <-- mechatro2 /home1/www/htdocs/resources/latex_resources/latex/misc a4wide.sty
99.12.12 13:57 A H:\ibaraki\Homepage_MSC\resources\latex_resources\latex\misc\ustmry.fd <-- mechatro2 /home1/www/htdocs/resources/latex_resources/latex/misc ustmry.fd
99.12.12 13:57 A H:\ibaraki\Homepage_MSC\resources\latex_resources\latex\misc\acronym.sty <-- mechatro2 /home1/www/htdocs/resources/latex_resources/latex/misc acronym.sty
99.12.12 13:57 A H:\ibaraki\Homepage_MSC\resources\latex_resources\latex\misc\capt-of.sty <-- mechatro2 /home1/www/htdocs/resources/latex_resources/latex/misc capt-of.sty
99.12.12 13:57 A H:\ibaraki\Homepage_MSC\resources\latex_resources\latex\misc\umlaute.sty <-- mechatro2 /home1/www/htdocs/resources/latex_resources/latex/misc umlaute.sty
99.12.12 13:57 A H:\ibaraki\Homepage_MSC\resources\latex_resources\latex\misc\mathcomp.sty <-- mechatro2 /home1/www/htdocs/resources/latex_resources/latex/misc mathcomp.sty
99.12.12 13:57 A H:\ibaraki\Homepage_MSC\resources\latex_resources\latex\misc\a5comb.sty <-- mechatro2 /home1/www/htdocs/resources/latex_resources/latex/misc a5comb.sty
99.12.12 13:57 A H:\ibaraki\Homepage_MSC\resources\latex_resources\latex\misc\parskip.sty <-- mechatro2 /home1/www/htdocs/resources/latex_resources/latex/misc parskip.sty
99.12.12 13:57 A H:\ibaraki\Homepage_MSC\resources\latex_resources\latex\misc\a5.sty <-- mechatro2 /home1/www/htdocs/resources/latex_resources/latex/misc a5.sty
99.12.12 13:57 A H:\ibaraki\Homepage_MSC\resources\latex_resources\latex\misc\rotfloat.sty <-- mechatro2 /home1/www/htdocs/resources/latex_resources/latex/misc rotfloat.sty
99.12.12 13:57 A H:\ibaraki\Homepage_MSC\resources\latex_resources\latex\misc\apalike.sty <-- mechatro2 /home1/www/htdocs/resources/latex_resources/latex/misc apalike.sty
99.12.12 13:57 A H:\ibaraki\Homepage_MSC\resources\latex_resources\latex\misc\concrete.sty <-- mechatro2 /home1/www/htdocs/resources/latex_resources/latex/misc concrete.sty
99.12.12 13:57 A H:\ibaraki\Homepage_MSC\resources\latex_resources\latex\misc\prettyref.sty <-- mechatro2 /home1/www/htdocs/resources/latex_resources/latex/misc prettyref.sty
99.12.12 13:57 A H:\ibaraki\Homepage_MSC\resources\latex_resources\latex\misc\aecompl.sty <-- mechatro2 /home1/www/htdocs/resources/latex_resources/latex/misc aecompl.sty
99.12.12 13:57 A H:\ibaraki\Homepage_MSC\resources\latex_resources\latex\misc\fullpage.sty <-- mechatro2 /home1/www/htdocs/resources/latex_resources/latex/misc fullpage.sty
99.12.12 13:57 A H:\ibaraki\Homepage_MSC\resources\latex_resources\latex\misc\revtex.cls <-- mechatro2 /home1/www/htdocs/resources/latex_resources/latex/misc revtex.cls
99.12.12 13:57 A H:\ibaraki\Homepage_MSC\resources\latex_resources\latex\misc\landscape.sty <-- mechatro2 /home1/www/htdocs/resources/latex_resources/latex/misc landscape.sty
99.12.12 13:57 A H:\ibaraki\Homepage_MSC\resources\latex_resources\latex\misc\sz.sty <-- mechatro2 /home1/www/htdocs/resources/latex_resources/latex/misc sz.sty
