99.12.12 13:54 A H:\ibaraki\Homepage_MSC\resources\latex_resources\latex\base\latex.ltx <-- mechatro2 /home1/www/htdocs/resources/latex_resources/latex/base latex.ltx
99.12.12 13:54 A H:\ibaraki\Homepage_MSC\resources\latex_resources\latex\base\docstrip.tex <-- mechatro2 /home1/www/htdocs/resources/latex_resources/latex/base docstrip.tex
99.12.12 13:54 A H:\ibaraki\Homepage_MSC\resources\latex_resources\latex\base\doc.sty <-- mechatro2 /home1/www/htdocs/resources/latex_resources/latex/base doc.sty
99.12.12 13:54 A H:\ibaraki\Homepage_MSC\resources\latex_resources\latex\base\ltxcheck.tex <-- mechatro2 /home1/www/htdocs/resources/latex_resources/latex/base ltxcheck.tex
99.12.12 13:54 A H:\ibaraki\Homepage_MSC\resources\latex_resources\latex\base\fontmath.ltx <-- mechatro2 /home1/www/htdocs/resources/latex_resources/latex/base fontmath.ltx
99.12.12 13:54 A H:\ibaraki\Homepage_MSC\resources\latex_resources\latex\base\book.cls <-- mechatro2 /home1/www/htdocs/resources/latex_resources/latex/base book.cls
99.12.12 13:54 A H:\ibaraki\Homepage_MSC\resources\latex_resources\latex\base\report.cls <-- mechatro2 /home1/www/htdocs/resources/latex_resources/latex/base report.cls
99.12.12 13:54 A H:\ibaraki\Homepage_MSC\resources\latex_resources\latex\base\latexbug.tex <-- mechatro2 /home1/www/htdocs/resources/latex_resources/latex/base latexbug.tex
99.12.12 13:54 A H:\ibaraki\Homepage_MSC\resources\latex_resources\latex\base\article.cls <-- mechatro2 /home1/www/htdocs/resources/latex_resources/latex/base article.cls
99.12.12 13:54 A H:\ibaraki\Homepage_MSC\resources\latex_resources\latex\base\slides.def <-- mechatro2 /home1/www/htdocs/resources/latex_resources/latex/base slides.def
99.12.12 13:54 A H:\ibaraki\Homepage_MSC\resources\latex_resources\latex\base\slides.cls <-- mechatro2 /home1/www/htdocs/resources/latex_resources/latex/base slides.cls
99.12.12 13:54 A H:\ibaraki\Homepage_MSC\resources\latex_resources\latex\base\ltnews.cls <-- mechatro2 /home1/www/htdocs/resources/latex_resources/latex/base ltnews.cls
99.12.12 13:54 A H:\ibaraki\Homepage_MSC\resources\latex_resources\latex\base\latex209.def <-- mechatro2 /home1/www/htdocs/resources/latex_resources/latex/base latex209.def
99.12.12 13:54 A H:\ibaraki\Homepage_MSC\resources\latex_resources\latex\base\letter.cls <-- mechatro2 /home1/www/htdocs/resources/latex_resources/latex/base letter.cls
99.12.12 13:54 A H:\ibaraki\Homepage_MSC\resources\latex_resources\latex\base\testpage.tex <-- mechatro2 /home1/www/htdocs/resources/latex_resources/latex/base testpage.tex
99.12.12 13:54 A H:\ibaraki\Homepage_MSC\resources\latex_resources\latex\base\nfssfont.tex <-- mechatro2 /home1/www/htdocs/resources/latex_resources/latex/base nfssfont.tex
99.12.12 13:54 A H:\ibaraki\Homepage_MSC\resources\latex_resources\latex\base\size11.clo <-- mechatro2 /home1/www/htdocs/resources/latex_resources/latex/base size11.clo
99.12.12 13:54 A H:\ibaraki\Homepage_MSC\resources\latex_resources\latex\base\size12.clo <-- mechatro2 /home1/www/htdocs/resources/latex_resources/latex/base size12.clo
99.12.12 13:54 A H:\ibaraki\Homepage_MSC\resources\latex_resources\latex\base\size10.clo <-- mechatro2 /home1/www/htdocs/resources/latex_resources/latex/base size10.clo
99.12.12 13:54 A H:\ibaraki\Homepage_MSC\resources\latex_resources\latex\base\bk11.clo <-- mechatro2 /home1/www/htdocs/resources/latex_resources/latex/base bk11.clo
99.12.12 13:54 A H:\ibaraki\Homepage_MSC\resources\latex_resources\latex\base\bk12.clo <-- mechatro2 /home1/www/htdocs/resources/latex_resources/latex/base bk12.clo
99.12.12 13:54 A H:\ibaraki\Homepage_MSC\resources\latex_resources\latex\base\bk10.clo <-- mechatro2 /home1/www/htdocs/resources/latex_resources/latex/base bk10.clo
99.12.12 13:54 A H:\ibaraki\Homepage_MSC\resources\latex_resources\latex\base\t1enc.def <-- mechatro2 /home1/www/htdocs/resources/latex_resources/latex/base t1enc.def
99.12.12 13:54 A H:\ibaraki\Homepage_MSC\resources\latex_resources\latex\base\tracefnt.sty <-- mechatro2 /home1/www/htdocs/resources/latex_resources/latex/base tracefnt.sty
99.12.12 13:54 A H:\ibaraki\Homepage_MSC\resources\latex_resources\latex\base\sample2e.tex <-- mechatro2 /home1/www/htdocs/resources/latex_resources/latex/base sample2e.tex
99.12.12 13:54 A H:\ibaraki\Homepage_MSC\resources\latex_resources\latex\base\textcomp.sty <-- mechatro2 /home1/www/htdocs/resources/latex_resources/latex/base textcomp.sty
99.12.12 13:54 A H:\ibaraki\Homepage_MSC\resources\latex_resources\latex\base\ltxguide.cls <-- mechatro2 /home1/www/htdocs/resources/latex_resources/latex/base ltxguide.cls
99.12.12 13:54 A H:\ibaraki\Homepage_MSC\resources\latex_resources\latex\base\ts1enc.def <-- mechatro2 /home1/www/htdocs/resources/latex_resources/latex/base ts1enc.def
99.12.12 13:54 A H:\ibaraki\Homepage_MSC\resources\latex_resources\latex\base\ansinew.def <-- mechatro2 /home1/www/htdocs/resources/latex_resources/latex/base ansinew.def
99.12.12 13:54 A H:\ibaraki\Homepage_MSC\resources\latex_resources\latex\base\cp1252.def <-- mechatro2 /home1/www/htdocs/resources/latex_resources/latex/base cp1252.def
99.12.12 13:54 A H:\ibaraki\Homepage_MSC\resources\latex_resources\latex\base\applemac.def <-- mechatro2 /home1/www/htdocs/resources/latex_resources/latex/base applemac.def
99.12.12 13:54 A H:\ibaraki\Homepage_MSC\resources\latex_resources\latex\base\cp1250.def <-- mechatro2 /home1/www/htdocs/resources/latex_resources/latex/base cp1250.def
99.12.12 13:54 A H:\ibaraki\Homepage_MSC\resources\latex_resources\latex\base\cp850.def <-- mechatro2 /home1/www/htdocs/resources/latex_resources/latex/base cp850.def
99.12.12 13:54 A H:\ibaraki\Homepage_MSC\resources\latex_resources\latex\base\next.def <-- mechatro2 /home1/www/htdocs/resources/latex_resources/latex/base next.def
99.12.12 13:54 A H:\ibaraki\Homepage_MSC\resources\latex_resources\latex\base\latin1.def <-- mechatro2 /home1/www/htdocs/resources/latex_resources/latex/base latin1.def
99.12.12 13:54 A H:\ibaraki\Homepage_MSC\resources\latex_resources\latex\base\latin5.def <-- mechatro2 /home1/www/htdocs/resources/latex_resources/latex/base latin5.def
99.12.12 13:54 A H:\ibaraki\Homepage_MSC\resources\latex_resources\latex\base\ltxdoc.cls <-- mechatro2 /home1/www/htdocs/resources/latex_resources/latex/base ltxdoc.cls
99.12.12 13:54 A H:\ibaraki\Homepage_MSC\resources\latex_resources\latex\base\cp852.def <-- mechatro2 /home1/www/htdocs/resources/latex_resources/latex/base cp852.def
99.12.12 13:54 A H:\ibaraki\Homepage_MSC\resources\latex_resources\latex\base\latin3.def <-- mechatro2 /home1/www/htdocs/resources/latex_resources/latex/base latin3.def
99.12.12 13:54 A H:\ibaraki\Homepage_MSC\resources\latex_resources\latex\base\decmulti.def <-- mechatro2 /home1/www/htdocs/resources/latex_resources/latex/base decmulti.def
99.12.12 13:54 A H:\ibaraki\Homepage_MSC\resources\latex_resources\latex\base\latin2.def <-- mechatro2 /home1/www/htdocs/resources/latex_resources/latex/base latin2.def
99.12.12 13:54 A H:\ibaraki\Homepage_MSC\resources\latex_resources\latex\base\cp865.def <-- mechatro2 /home1/www/htdocs/resources/latex_resources/latex/base cp865.def
99.12.12 13:54 A H:\ibaraki\Homepage_MSC\resources\latex_resources\latex\base\cp437de.def <-- mechatro2 /home1/www/htdocs/resources/latex_resources/latex/base cp437de.def
99.12.12 13:54 A H:\ibaraki\Homepage_MSC\resources\latex_resources\latex\base\cp437.def <-- mechatro2 /home1/www/htdocs/resources/latex_resources/latex/base cp437.def
99.12.12 13:54 A H:\ibaraki\Homepage_MSC\resources\latex_resources\latex\base\ifthen.sty <-- mechatro2 /home1/www/htdocs/resources/latex_resources/latex/base ifthen.sty
99.12.12 13:54 A H:\ibaraki\Homepage_MSC\resources\latex_resources\latex\base\proc.cls <-- mechatro2 /home1/www/htdocs/resources/latex_resources/latex/base proc.cls
99.12.12 13:54 A H:\ibaraki\Homepage_MSC\resources\latex_resources\latex\base\proc.sty <-- mechatro2 /home1/www/htdocs/resources/latex_resources/latex/base proc.sty
99.12.12 13:54 A H:\ibaraki\Homepage_MSC\resources\latex_resources\latex\base\ot4enc.def <-- mechatro2 /home1/www/htdocs/resources/latex_resources/latex/base ot4enc.def
99.12.12 13:54 A H:\ibaraki\Homepage_MSC\resources\latex_resources\latex\base\lablst.tex <-- mechatro2 /home1/www/htdocs/resources/latex_resources/latex/base lablst.tex
99.12.12 13:54 A H:\ibaraki\Homepage_MSC\resources\latex_resources\latex\base\fontenc.sty <-- mechatro2 /home1/www/htdocs/resources/latex_resources/latex/base fontenc.sty
99.12.12 13:54 A H:\ibaraki\Homepage_MSC\resources\latex_resources\latex\base\shortvrb.sty <-- mechatro2 /home1/www/htdocs/resources/latex_resources/latex/base shortvrb.sty
99.12.12 13:54 A H:\ibaraki\Homepage_MSC\resources\latex_resources\latex\base\oldlfont.sty <-- mechatro2 /home1/www/htdocs/resources/latex_resources/latex/base oldlfont.sty
99.12.12 13:54 A H:\ibaraki\Homepage_MSC\resources\latex_resources\latex\base\inputenc.sty <-- mechatro2 /home1/www/htdocs/resources/latex_resources/latex/base inputenc.sty
99.12.12 13:54 A H:\ibaraki\Homepage_MSC\resources\latex_resources\latex\base\fleqn.clo <-- mechatro2 /home1/www/htdocs/resources/latex_resources/latex/base fleqn.clo
99.12.12 13:54 A H:\ibaraki\Homepage_MSC\resources\latex_resources\latex\base\newlfont.sty <-- mechatro2 /home1/www/htdocs/resources/latex_resources/latex/base newlfont.sty
99.12.12 13:54 A H:\ibaraki\Homepage_MSC\resources\latex_resources\latex\base\ot1enc.def <-- mechatro2 /home1/www/htdocs/resources/latex_resources/latex/base ot1enc.def
99.12.12 13:54 A H:\ibaraki\Homepage_MSC\resources\latex_resources\latex\base\ot1cmr.fd <-- mechatro2 /home1/www/htdocs/resources/latex_resources/latex/base ot1cmr.fd
99.12.12 13:54 A H:\ibaraki\Homepage_MSC\resources\latex_resources\latex\base\ucmr.fd <-- mechatro2 /home1/www/htdocs/resources/latex_resources/latex/base ucmr.fd
99.12.12 13:54 A H:\ibaraki\Homepage_MSC\resources\latex_resources\latex\base\syntonly.sty <-- mechatro2 /home1/www/htdocs/resources/latex_resources/latex/base syntonly.sty
99.12.12 13:54 A H:\ibaraki\Homepage_MSC\resources\latex_resources\latex\base\fonttext.ltx <-- mechatro2 /home1/www/htdocs/resources/latex_resources/latex/base fonttext.ltx
99.12.12 13:54 A H:\ibaraki\Homepage_MSC\resources\latex_resources\latex\base\flafter.sty <-- mechatro2 /home1/www/htdocs/resources/latex_resources/latex/base flafter.sty
99.12.12 13:54 A H:\ibaraki\Homepage_MSC\resources\latex_resources\latex\base\graphpap.sty <-- mechatro2 /home1/www/htdocs/resources/latex_resources/latex/base graphpap.sty
99.12.12 13:54 A H:\ibaraki\Homepage_MSC\resources\latex_resources\latex\base\preload.ltx <-- mechatro2 /home1/www/htdocs/resources/latex_resources/latex/base preload.ltx
99.12.12 13:54 A H:\ibaraki\Homepage_MSC\resources\latex_resources\latex\base\showidx.sty <-- mechatro2 /home1/www/htdocs/resources/latex_resources/latex/base showidx.sty
99.12.12 13:54 A H:\ibaraki\Homepage_MSC\resources\latex_resources\latex\base\hyphen.ltx <-- mechatro2 /home1/www/htdocs/resources/latex_resources/latex/base hyphen.ltx
99.12.12 13:54 A H:\ibaraki\Homepage_MSC\resources\latex_resources\latex\base\t1lcmss.fd <-- mechatro2 /home1/www/htdocs/resources/latex_resources/latex/base t1lcmss.fd
99.12.12 13:54 A H:\ibaraki\Homepage_MSC\resources\latex_resources\latex\base\ot1cmss.fd <-- mechatro2 /home1/www/htdocs/resources/latex_resources/latex/base ot1cmss.fd
99.12.12 13:54 A H:\ibaraki\Homepage_MSC\resources\latex_resources\latex\base\ucmss.fd <-- mechatro2 /home1/www/htdocs/resources/latex_resources/latex/base ucmss.fd
99.12.12 13:54 A H:\ibaraki\Homepage_MSC\resources\latex_resources\latex\base\idx.tex <-- mechatro2 /home1/www/htdocs/resources/latex_resources/latex/base idx.tex
99.12.12 13:54 A H:\ibaraki\Homepage_MSC\resources\latex_resources\latex\base\alltt.sty <-- mechatro2 /home1/www/htdocs/resources/latex_resources/latex/base alltt.sty
99.12.12 13:54 A H:\ibaraki\Homepage_MSC\resources\latex_resources\latex\base\ot1lcmss.fd <-- mechatro2 /home1/www/htdocs/resources/latex_resources/latex/base ot1lcmss.fd
99.12.12 13:54 A H:\ibaraki\Homepage_MSC\resources\latex_resources\latex\base\bezier.sty <-- mechatro2 /home1/www/htdocs/resources/latex_resources/latex/base bezier.sty
99.12.12 13:54 A H:\ibaraki\Homepage_MSC\resources\latex_resources\latex\base\ot1cmtt.fd <-- mechatro2 /home1/www/htdocs/resources/latex_resources/latex/base ot1cmtt.fd
99.12.12 13:54 A H:\ibaraki\Homepage_MSC\resources\latex_resources\latex\base\ucmtt.fd <-- mechatro2 /home1/www/htdocs/resources/latex_resources/latex/base ucmtt.fd
99.12.12 13:54 A H:\ibaraki\Homepage_MSC\resources\latex_resources\latex\base\latexsym.sty <-- mechatro2 /home1/www/htdocs/resources/latex_resources/latex/base latexsym.sty
99.12.12 13:54 A H:\ibaraki\Homepage_MSC\resources\latex_resources\latex\base\openbib.sty <-- mechatro2 /home1/www/htdocs/resources/latex_resources/latex/base openbib.sty
99.12.12 13:54 A H:\ibaraki\Homepage_MSC\resources\latex_resources\latex\base\ascii.def <-- mechatro2 /home1/www/htdocs/resources/latex_resources/latex/base ascii.def
99.12.12 13:54 A H:\ibaraki\Homepage_MSC\resources\latex_resources\latex\base\small2e.tex <-- mechatro2 /home1/www/htdocs/resources/latex_resources/latex/base small2e.tex
99.12.12 13:54 A H:\ibaraki\Homepage_MSC\resources\latex_resources\latex\base\t1enc.sty <-- mechatro2 /home1/www/htdocs/resources/latex_resources/latex/base t1enc.sty
99.12.12 13:54 A H:\ibaraki\Homepage_MSC\resources\latex_resources\latex\base\t1cmss.fd <-- mechatro2 /home1/www/htdocs/resources/latex_resources/latex/base t1cmss.fd
99.12.12 13:54 A H:\ibaraki\Homepage_MSC\resources\latex_resources\latex\base\article.sty <-- mechatro2 /home1/www/htdocs/resources/latex_resources/latex/base article.sty
99.12.12 13:54 A H:\ibaraki\Homepage_MSC\resources\latex_resources\latex\base\slides.sty <-- mechatro2 /home1/www/htdocs/resources/latex_resources/latex/base slides.sty
99.12.12 13:54 A H:\ibaraki\Homepage_MSC\resources\latex_resources\latex\base\report.sty <-- mechatro2 /home1/www/htdocs/resources/latex_resources/latex/base report.sty
99.12.12 13:54 A H:\ibaraki\Homepage_MSC\resources\latex_resources\latex\base\letter.sty <-- mechatro2 /home1/www/htdocs/resources/latex_resources/latex/base letter.sty
99.12.12 13:54 A H:\ibaraki\Homepage_MSC\resources\latex_resources\latex\base\book.sty <-- mechatro2 /home1/www/htdocs/resources/latex_resources/latex/base book.sty
99.12.12 13:55 A H:\ibaraki\Homepage_MSC\resources\latex_resources\latex\base\leqno.sty <-- mechatro2 /home1/www/htdocs/resources/latex_resources/latex/base leqno.sty
99.12.12 13:55 A H:\ibaraki\Homepage_MSC\resources\latex_resources\latex\base\fleqn.sty <-- mechatro2 /home1/www/htdocs/resources/latex_resources/latex/base fleqn.sty
99.12.12 13:55 A H:\ibaraki\Homepage_MSC\resources\latex_resources\latex\base\omsenc.def <-- mechatro2 /home1/www/htdocs/resources/latex_resources/latex/base omsenc.def
99.12.12 13:55 A H:\ibaraki\Homepage_MSC\resources\latex_resources\latex\base\ot1lcmtt.fd <-- mechatro2 /home1/www/htdocs/resources/latex_resources/latex/base ot1lcmtt.fd
99.12.12 13:55 A H:\ibaraki\Homepage_MSC\resources\latex_resources\latex\base\omlcmr.fd <-- mechatro2 /home1/www/htdocs/resources/latex_resources/latex/base omlcmr.fd
99.12.12 13:55 A H:\ibaraki\Homepage_MSC\resources\latex_resources\latex\base\omscmr.fd <-- mechatro2 /home1/www/htdocs/resources/latex_resources/latex/base omscmr.fd
99.12.12 13:55 A H:\ibaraki\Homepage_MSC\resources\latex_resources\latex\base\t1cmr.fd <-- mechatro2 /home1/www/htdocs/resources/latex_resources/latex/base t1cmr.fd
99.12.12 13:55 A H:\ibaraki\Homepage_MSC\resources\latex_resources\latex\base\t1cmtt.fd <-- mechatro2 /home1/www/htdocs/resources/latex_resources/latex/base t1cmtt.fd
99.12.12 13:55 A H:\ibaraki\Homepage_MSC\resources\latex_resources\latex\base\ts1cmr.fd <-- mechatro2 /home1/www/htdocs/resources/latex_resources/latex/base ts1cmr.fd
99.12.12 13:55 A H:\ibaraki\Homepage_MSC\resources\latex_resources\latex\base\ts1cmss.fd <-- mechatro2 /home1/www/htdocs/resources/latex_resources/latex/base ts1cmss.fd
99.12.12 13:55 A H:\ibaraki\Homepage_MSC\resources\latex_resources\latex\base\t1lcmtt.fd <-- mechatro2 /home1/www/htdocs/resources/latex_resources/latex/base t1lcmtt.fd
99.12.12 13:55 A H:\ibaraki\Homepage_MSC\resources\latex_resources\latex\base\exscale.sty <-- mechatro2 /home1/www/htdocs/resources/latex_resources/latex/base exscale.sty
99.12.12 13:55 A H:\ibaraki\Homepage_MSC\resources\latex_resources\latex\base\omlcmm.fd <-- mechatro2 /home1/www/htdocs/resources/latex_resources/latex/base omlcmm.fd
99.12.12 13:55 A H:\ibaraki\Homepage_MSC\resources\latex_resources\latex\base\ts1cmtt.fd <-- mechatro2 /home1/www/htdocs/resources/latex_resources/latex/base ts1cmtt.fd
99.12.12 13:55 A H:\ibaraki\Homepage_MSC\resources\latex_resources\latex\base\ot1cmvtt.fd <-- mechatro2 /home1/www/htdocs/resources/latex_resources/latex/base ot1cmvtt.fd
99.12.12 13:55 A H:\ibaraki\Homepage_MSC\resources\latex_resources\latex\base\omscmsy.fd <-- mechatro2 /home1/www/htdocs/resources/latex_resources/latex/base omscmsy.fd
99.12.12 13:55 A H:\ibaraki\Homepage_MSC\resources\latex_resources\latex\base\omslcmsy.fd <-- mechatro2 /home1/www/htdocs/resources/latex_resources/latex/base omslcmsy.fd
99.12.12 13:55 A H:\ibaraki\Homepage_MSC\resources\latex_resources\latex\base\omllcmm.fd <-- mechatro2 /home1/www/htdocs/resources/latex_resources/latex/base omllcmm.fd
99.12.12 13:55 A H:\ibaraki\Homepage_MSC\resources\latex_resources\latex\base\ts1cmvtt.fd <-- mechatro2 /home1/www/htdocs/resources/latex_resources/latex/base ts1cmvtt.fd
99.12.12 13:55 A H:\ibaraki\Homepage_MSC\resources\latex_resources\latex\base\ulasy.fd <-- mechatro2 /home1/www/htdocs/resources/latex_resources/latex/base ulasy.fd
99.12.12 13:55 A H:\ibaraki\Homepage_MSC\resources\latex_resources\latex\base\t1cmvtt.fd <-- mechatro2 /home1/www/htdocs/resources/latex_resources/latex/base t1cmvtt.fd
99.12.12 13:55 A H:\ibaraki\Homepage_MSC\resources\latex_resources\latex\base\t1cmfib.fd <-- mechatro2 /home1/www/htdocs/resources/latex_resources/latex/base t1cmfib.fd
99.12.12 13:55 A H:\ibaraki\Homepage_MSC\resources\latex_resources\latex\base\minimal.cls <-- mechatro2 /home1/www/htdocs/resources/latex_resources/latex/base minimal.cls
99.12.12 13:55 A H:\ibaraki\Homepage_MSC\resources\latex_resources\latex\base\t1cmfr.fd <-- mechatro2 /home1/www/htdocs/resources/latex_resources/latex/base t1cmfr.fd
99.12.12 13:55 A H:\ibaraki\Homepage_MSC\resources\latex_resources\latex\base\ullasy.fd <-- mechatro2 /home1/www/htdocs/resources/latex_resources/latex/base ullasy.fd
99.12.12 13:55 A H:\ibaraki\Homepage_MSC\resources\latex_resources\latex\base\t1cmdh.fd <-- mechatro2 /home1/www/htdocs/resources/latex_resources/latex/base t1cmdh.fd
99.12.12 13:55 A H:\ibaraki\Homepage_MSC\resources\latex_resources\latex\base\omxlcmex.fd <-- mechatro2 /home1/www/htdocs/resources/latex_resources/latex/base omxlcmex.fd
99.12.12 13:55 A H:\ibaraki\Homepage_MSC\resources\latex_resources\latex\base\ot1cmfr.fd <-- mechatro2 /home1/www/htdocs/resources/latex_resources/latex/base ot1cmfr.fd
99.12.12 13:55 A H:\ibaraki\Homepage_MSC\resources\latex_resources\latex\base\ot1cmfib.fd <-- mechatro2 /home1/www/htdocs/resources/latex_resources/latex/base ot1cmfib.fd
99.12.12 13:55 A H:\ibaraki\Homepage_MSC\resources\latex_resources\latex\base\ot1cmdh.fd <-- mechatro2 /home1/www/htdocs/resources/latex_resources/latex/base ot1cmdh.fd
99.12.12 13:55 A H:\ibaraki\Homepage_MSC\resources\latex_resources\latex\base\omxcmex.fd <-- mechatro2 /home1/www/htdocs/resources/latex_resources/latex/base omxcmex.fd
99.12.12 13:55 A H:\ibaraki\Homepage_MSC\resources\latex_resources\latex\base\sfonts.def <-- mechatro2 /home1/www/htdocs/resources/latex_resources/latex/base sfonts.def
99.12.12 13:55 A H:\ibaraki\Homepage_MSC\resources\latex_resources\latex\base\leqno.clo <-- mechatro2 /home1/www/htdocs/resources/latex_resources/latex/base leqno.clo
99.12.12 13:55 A H:\ibaraki\Homepage_MSC\resources\latex_resources\latex\base\omlenc.def <-- mechatro2 /home1/www/htdocs/resources/latex_resources/latex/base omlenc.def
99.12.12 13:55 A H:\ibaraki\Homepage_MSC\resources\latex_resources\latex\base\makeidx.sty <-- mechatro2 /home1/www/htdocs/resources/latex_resources/latex/base makeidx.sty
99.12.12 13:55 A H:\ibaraki\Homepage_MSC\resources\latex_resources\latex\base\pict2e.sty <-- mechatro2 /home1/www/htdocs/resources/latex_resources/latex/base pict2e.sty
99.12.12 13:55 A H:\ibaraki\Homepage_MSC\resources\latex_resources\latex\base\ltpatch.ltx <-- mechatro2 /home1/www/htdocs/resources/latex_resources/latex/base ltpatch.ltx
